-------------------------------------------------------------------------------
Test set: tech.stl.hcm.candidate.config.KafkaConnectionTest
-------------------------------------------------------------------------------
Tests run: 1, Failures: 0, Errors: 1, Skipped: 0, Time elapsed: 40.462 s <<< FAILURE! - in tech.stl.hcm.candidate.config.KafkaConnectionTest
testKafkaConnection  Time elapsed: 0.002 s  <<< ERROR!
java.lang.IllegalStateException: Failed to load ApplicationContext for [WebMergedContextConfiguration@7296675e testClass = tech.stl.hcm.candidate.config.KafkaConnectionTest, locations = [], classes = [tech.stl.hcm.candidate.CandidateMicroserviceApplication], contextInitializerClasses = [], activeProfiles = [], propertySourceLocations = [], propertySourceProperties = ["spring.kafka.bootstrap-servers=${spring.embedded.kafka.brokers}", "spring.kafka.producer.key-serializer=org.apache.kafka.common.serialization.StringSerializer", "spring.kafka.producer.value-serializer=org.springframework.kafka.support.serializer.JsonSerializer", "spring.kafka.consumer.key-deserializer=org.apache.kafka.common.serialization.StringDeserializer", "spring.kafka.consumer.value-deserializer=org.springframework.kafka.support.serializer.JsonDeserializer", "spring.kafka.consumer.auto-offset-reset=earliest", "org.springframework.boot.test.context.SpringBootTestContextBootstrapper=true"], contextCustomizers = [org.springframework.boot.test.context.filter.ExcludeFilterContextCustomizer@5a7fe64f, org.springframework.boot.test.json.DuplicateJsonObjectContextCustomizerFactory$DuplicateJsonObjectContextCustomizer@24c1b2d2, org.springframework.boot.test.mock.mockito.MockitoContextCustomizer@0, org.springframework.boot.test.web.client.TestRestTemplateContextCustomizer@565f390, org.springframework.boot.test.autoconfigure.actuate.observability.ObservabilityContextCustomizerFactory$DisableObservabilityContextCustomizer@9da1, org.springframework.boot.test.autoconfigure.properties.PropertyMappingContextCustomizer@0, org.springframework.boot.test.autoconfigure.web.servlet.WebDriverContextCustomizerFactory$Customizer@e3b3b2f, org.springframework.kafka.test.context.EmbeddedKafkaContextCustomizer@f553a223, org.springframework.boot.test.context.SpringBootTestAnnotation@9ec9eb65], resourceBasePath = "src/main/webapp", contextLoader = org.springframework.boot.test.context.SpringBootContextLoader, parent = null]
Caused by: org.springframework.beans.factory.BeanCreationException: Error creating bean with name 'kafkaConfig': Injection of autowired dependencies failed
Caused by: java.lang.IllegalArgumentException: Could not resolve placeholder 'kafka.topic.candidate-created' in value "${kafka.topic.candidate-created}"

