<?xml version="1.0" encoding="UTF-8"?>
<testsuite xmlns:xsi="http://www.w3.org/2001/XMLSchema-instance" xsi:noNamespaceSchemaLocation="https://maven.apache.org/surefire/maven-surefire-plugin/xsd/surefire-test-report.xsd" name="tech.stl.hcm.candidate.config.KafkaConnectionTest" time="40.462" tests="1" errors="1" skipped="0" failures="0">
  <properties>
[...]
</properties>
  <testcase name="testKafkaConnection" classname="tech.stl.hcm.candidate.config.KafkaConnectionTest" time="0.002">
    <error message="Failed to load ApplicationContext for [WebMergedContextConfiguration@7296675e testClass = tech.stl.hcm.candidate.config.KafkaConnectionTest, locations = [], classes = [tech.stl.hcm.candidate.CandidateMicroserviceApplication], contextInitializerClasses = [], activeProfiles = [], propertySourceLocations = [], propertySourceProperties = [&quot;spring.kafka.bootstrap-servers=${spring.embedded.kafka.brokers}&quot;, &quot;spring.kafka.producer.key-serializer=org.apache.kafka.common.serialization.StringSerializer&quot;, &quot;spring.kafka.producer.value-serializer=org.springframework.kafka.support.serializer.JsonSerializer&quot;, &quot;spring.kafka.consumer.key-deserializer=org.apache.kafka.common.serialization.StringDeserializer&quot;, &quot;spring.kafka.consumer.value-deserializer=org.springframework.kafka.support.serializer.JsonDeserializer&quot;, &quot;spring.kafka.consumer.auto-offset-reset=earliest&quot;, &quot;org.springframework.boot.test.context.SpringBootTestContextBootstrapper=true&quot;], contextCustomizers = [org.springframework.boot.test.context.filter.ExcludeFilterContextCustomizer@5a7fe64f, org.springframework.boot.test.json.DuplicateJsonObjectContextCustomizerFactory$DuplicateJsonObjectContextCustomizer@24c1b2d2, org.springframework.boot.test.mock.mockito.MockitoContextCustomizer@0, org.springframework.boot.test.web.client.TestRestTemplateContextCustomizer@565f390, org.springframework.boot.test.autoconfigure.actuate.observability.ObservabilityContextCustomizerFactory$DisableObservabilityContextCustomizer@9da1, org.springframework.boot.test.autoconfigure.properties.PropertyMappingContextCustomizer@0, org.springframework.boot.test.autoconfigure.web.servlet.WebDriverContextCustomizerFactory$Customizer@e3b3b2f, org.springframework.kafka.test.context.EmbeddedKafkaContextCustomizer@f553a223, org.springframework.boot.test.context.SpringBootTestAnnotation@9ec9eb65], resourceBasePath = &quot;src/main/webapp&quot;, contextLoader = org.springframework.boot.test.context.SpringBootContextLoader, parent = null]" type="java.lang.IllegalStateException">java.lang.IllegalStateException: Failed to load ApplicationContext for [WebMergedContextConfiguration@7296675e testClass = tech.stl.hcm.candidate.config.KafkaConnectionTest, locations = [], classes = [tech.stl.hcm.candidate.CandidateMicroserviceApplication], contextInitializerClasses = [], activeProfiles = [], propertySourceLocations = [], propertySourceProperties = ["spring.kafka.bootstrap-servers=${spring.embedded.kafka.brokers}", "spring.kafka.producer.key-serializer=org.apache.kafka.common.serialization.StringSerializer", "spring.kafka.producer.value-serializer=org.springframework.kafka.support.serializer.JsonSerializer", "spring.kafka.consumer.key-deserializer=org.apache.kafka.common.serialization.StringDeserializer", "spring.kafka.consumer.value-deserializer=org.springframework.kafka.support.serializer.JsonDeserializer", "spring.kafka.consumer.auto-offset-reset=earliest", "org.springframework.boot.test.context.SpringBootTestContextBootstrapper=true"], contextCustomizers = [org.springframework.boot.test.context.filter.ExcludeFilterContextCustomizer@5a7fe64f, org.springframework.boot.test.json.DuplicateJsonObjectContextCustomizerFactory$DuplicateJsonObjectContextCustomizer@24c1b2d2, org.springframework.boot.test.mock.mockito.MockitoContextCustomizer@0, org.springframework.boot.test.web.client.TestRestTemplateContextCustomizer@565f390, org.springframework.boot.test.autoconfigure.actuate.observability.ObservabilityContextCustomizerFactory$DisableObservabilityContextCustomizer@9da1, org.springframework.boot.test.autoconfigure.properties.PropertyMappingContextCustomizer@0, org.springframework.boot.test.autoconfigure.web.servlet.WebDriverContextCustomizerFactory$Customizer@e3b3b2f, org.springframework.kafka.test.context.EmbeddedKafkaContextCustomizer@f553a223, org.springframework.boot.test.context.SpringBootTestAnnotation@9ec9eb65], resourceBasePath = "src/main/webapp", contextLoader = org.springframework.boot.test.context.SpringBootContextLoader, parent = null]
Caused by: org.springframework.beans.factory.BeanCreationException: Error creating bean with name 'kafkaConfig': Injection of autowired dependencies failed
Caused by: java.lang.IllegalArgumentException: Could not resolve placeholder 'kafka.topic.candidate-created' in value "${kafka.topic.candidate-created}"
</error>
    <system-out><![CDATA[14:47:06.255 [main] DEBUG org.springframework.boot.test.context.SpringBootTestContextBootstrapper -- Neither @ContextConfiguration nor @ContextHierarchy found for test class [KafkaConnectionTest]: using SpringBootContextLoader
14:47:06.263 [main] DEBUG org.springframework.test.context.support.AbstractContextLoader -- Could not detect default resource locations for test class [tech.stl.hcm.candidate.config.KafkaConnectionTest]: no resource found for suffixes {-context.xml, Context.groovy}.
14:47:06.263 [main] INFO org.springframework.test.context.support.AnnotationConfigContextLoaderUtils -- Could not detect default configuration classes for test class [tech.stl.hcm.candidate.config.KafkaConnectionTest]: KafkaConnectionTest does not declare any static, non-private, non-final, nested classes annotated with @Configuration.
14:47:06.305 [main] DEBUG org.springframework.boot.test.context.SpringBootTestContextBootstrapper -- Using ContextCustomizers for test class [KafkaConnectionTest]: [ExcludeFilterContextCustomizer, DuplicateJsonObjectContextCustomizer, MockitoContextCustomizer, TestRestTemplateContextCustomizer, DisableObservabilityContextCustomizer, PropertyMappingContextCustomizer, Customizer, EmbeddedKafkaContextCustomizer]
14:47:06.442 [main] DEBUG org.springframework.context.annotation.ClassPathScanningCandidateComponentProvider -- Identified candidate component class: file [C:\Users\vijayananda.patil\Documents\GitHub\candidate-microservice\candidate-microservice\target\classes\tech\stl\hcm\candidate\CandidateMicroserviceApplication.class]
14:47:06.444 [main] INFO org.springframework.boot.test.context.SpringBootTestContextBootstrapper -- Found @SpringBootConfiguration tech.stl.hcm.candidate.CandidateMicroserviceApplication for test class tech.stl.hcm.candidate.config.KafkaConnectionTest
14:47:06.591 [main] DEBUG org.springframework.boot.test.context.SpringBootTestContextBootstrapper -- Using TestExecutionListeners for test class [KafkaConnectionTest]: [ServletTestExecutionListener, DirtiesContextBeforeModesTestExecutionListener, ApplicationEventsTestExecutionListener, MockitoTestExecutionListener, DependencyInjectionTestExecutionListener, DirtiesContextTestExecutionListener, TransactionalTestExecutionListener, SqlScriptsTestExecutionListener, EventPublishingTestExecutionListener, ResetMocksTestExecutionListener, RestDocsTestExecutionListener, MockRestServiceServerResetTestExecutionListener, MockMvcPrintOnlyOnFailureTestExecutionListener, WebDriverTestExecutionListener, MockWebServiceServerTestExecutionListener]
14:47:06.593 [main] DEBUG org.springframework.test.context.support.AbstractDirtiesContextTestExecutionListener -- Before test class: class [KafkaConnectionTest], class annotated with @DirtiesContext [false] with mode [null]

  .   ____          _            __ _ _
 /\\ / ___'_ __ _ _(_)_ __  __ _ \ \ \ \
( ( )\___ | '_ | '_| | '_ \/ _` | \ \ \ \
 \\/  ___)| |_)| | | | | || (_| |  ) ) ) )
  '  |____| .__|_| |_|_| |_\__, | / / / /
 =========|_|==============|___/=/_/_/_/
 :: Spring Boot ::                (v3.0.5)

2025-05-21T14:47:07.352+05:30  INFO 20732 --- [           main] k.utils.Log4jControllerRegistration$     : Registered kafka:type=kafka.Log4jController MBean
2025-05-21T14:47:07.468+05:30  INFO 20732 --- [           main] o.a.zookeeper.server.ZooKeeperServer     : 
2025-05-21T14:47:07.468+05:30  INFO 20732 --- [           main] o.a.zookeeper.server.ZooKeeperServer     :   ______                  _                                          
2025-05-21T14:47:07.468+05:30  INFO 20732 --- [           main] o.a.zookeeper.server.ZooKeeperServer     :  |___  /                 | |                                         
2025-05-21T14:47:07.468+05:30  INFO 20732 --- [           main] o.a.zookeeper.server.ZooKeeperServer     :     / /    ___     ___   | | __   ___    ___   _ __     ___   _ __   
2025-05-21T14:47:07.468+05:30  INFO 20732 --- [           main] o.a.zookeeper.server.ZooKeeperServer     :    / /    / _ \   / _ \  | |/ /  / _ \  / _ \ | '_ \   / _ \ | '__|
2025-05-21T14:47:07.468+05:30  INFO 20732 --- [           main] o.a.zookeeper.server.ZooKeeperServer     :   / /__  | (_) | | (_) | |   <  |  __/ |  __/ | |_) | |  __/ | |    
2025-05-21T14:47:07.468+05:30  INFO 20732 --- [           main] o.a.zookeeper.server.ZooKeeperServer     :  /_____|  \___/   \___/  |_|\_\  \___|  \___| | .__/   \___| |_|
2025-05-21T14:47:07.469+05:30  INFO 20732 --- [           main] o.a.zookeeper.server.ZooKeeperServer     :                                               | |                     
2025-05-21T14:47:07.469+05:30  INFO 20732 --- [           main] o.a.zookeeper.server.ZooKeeperServer     :                                               |_|                     
2025-05-21T14:47:07.469+05:30  INFO 20732 --- [           main] o.a.zookeeper.server.ZooKeeperServer     : 
2025-05-21T14:47:23.076+05:30  INFO 20732 --- [           main] o.a.zookeeper.server.ZooKeeperServer     : Server environment:zookeeper.version=3.6.3--6401e4ad2087061bc6b9f80dec2d69f2e3c8660a, built on 04/08/2021 16:35 GMT
2025-05-21T14:47:23.076+05:30  INFO 20732 --- [           main] o.a.zookeeper.server.ZooKeeperServer     : Server environment:host.name=BAN-LL-VIJAYANA.STLERI.COM
2025-05-21T14:47:23.076+05:30  INFO 20732 --- [           main] o.a.zookeeper.server.ZooKeeperServer     : Server environment:java.version=17.0.12
2025-05-21T14:47:23.076+05:30  INFO 20732 --- [           main] o.a.zookeeper.server.ZooKeeperServer     : Server environment:java.vendor=Oracle Corporation
2025-05-21T14:47:23.076+05:30  INFO 20732 --- [           main] o.a.zookeeper.server.ZooKeeperServer     : Server environment:java.home=C:\temp\jdk-17.0.12
2025-05-21T14:47:23.076+05:30  INFO 20732 --- [           main] o.a.zookeeper.server.ZooKeeperServer     : Server environment:java.class.path=C:\Users\vijayananda.patil\Documents\GitHub\candidate-microservice\candidate-microservice\target\test-classes;C:\Users\vijayananda.patil\Documents\GitHub\candidate-microservice\candidate-microservice\target\classes;C:\Users\vijayananda.patil\.m2\repository\org\springframework\boot\spring-boot-starter-web\3.0.5\spring-boot-starter-web-3.0.5.jar;C:\Users\vijayananda.patil\.m2\repository\org\springframework\boot\spring-boot-starter\3.0.5\spring-boot-starter-3.0.5.jar;C:\Users\vijayananda.patil\.m2\repository\org\springframework\boot\spring-boot\3.0.5\spring-boot-3.0.5.jar;C:\Users\vijayananda.patil\.m2\repository\org\springframework\boot\spring-boot-autoconfigure\3.0.5\spring-boot-autoconfigure-3.0.5.jar;C:\Users\vijayananda.patil\.m2\repository\org\springframework\boot\spring-boot-starter-logging\3.0.5\spring-boot-starter-logging-3.0.5.jar;C:\Users\vijayananda.patil\.m2\repository\ch\qos\logback\logback-classic\1.4.6\logback-classic-1.4.6.jar;C:\Users\vijayananda.patil\.m2\repository\ch\qos\logback\logback-core\1.4.6\logback-core-1.4.6.jar;C:\Users\vijayananda.patil\.m2\repository\org\apache\logging\log4j\log4j-to-slf4j\2.19.0\log4j-to-slf4j-2.19.0.jar;C:\Users\vijayananda.patil\.m2\repository\org\apache\logging\log4j\log4j-api\2.19.0\log4j-api-2.19.0.jar;C:\Users\vijayananda.patil\.m2\repository\org\slf4j\jul-to-slf4j\2.0.7\jul-to-slf4j-2.0.7.jar;C:\Users\vijayananda.patil\.m2\repository\jakarta\annotation\jakarta.annotation-api\2.1.1\jakarta.annotation-api-2.1.1.jar;C:\Users\vijayananda.patil\.m2\repository\org\yaml\snakeyaml\1.33\snakeyaml-1.33.jar;C:\Users\vijayananda.patil\.m2\repository\org\springframework\boot\spring-boot-starter-json\3.0.5\spring-boot-starter-json-3.0.5.jar;C:\Users\vijayananda.patil\.m2\repository\com\fasterxml\jackson\core\jackson-databind\2.14.2\jackson-databind-2.14.2.jar;C:\Users\vijayananda.patil\.m2\repository\com\fasterxml\jackson\core\jackson-annotations\2.14.2\jackson-annotations-2.14.2.jar;C:\Users\vijayananda.patil\.m2\repository\com\fasterxml\jackson\core\jackson-core\2.14.2\jackson-core-2.14.2.jar;C:\Users\vijayananda.patil\.m2\repository\com\fasterxml\jackson\datatype\jackson-datatype-jdk8\2.14.2\jackson-datatype-jdk8-2.14.2.jar;C:\Users\vijayananda.patil\.m2\repository\com\fasterxml\jackson\datatype\jackson-datatype-jsr310\2.14.2\jackson-datatype-jsr310-2.14.2.jar;C:\Users\vijayananda.patil\.m2\repository\com\fasterxml\jackson\module\jackson-module-parameter-names\2.14.2\jackson-module-parameter-names-2.14.2.jar;C:\Users\vijayananda.patil\.m2\repository\org\springframework\boot\spring-boot-starter-tomcat\3.0.5\spring-boot-starter-tomcat-3.0.5.jar;C:\Users\vijayananda.patil\.m2\repository\org\apache\tomcat\embed\tomcat-embed-core\10.1.7\tomcat-embed-core-10.1.7.jar;C:\Users\vijayananda.patil\.m2\repository\org\apache\tomcat\embed\tomcat-embed-el\10.1.7\tomcat-embed-el-10.1.7.jar;C:\Users\vijayananda.patil\.m2\repository\org\apache\tomcat\embed\tomcat-embed-websocket\10.1.7\tomcat-embed-websocket-10.1.7.jar;C:\Users\vijayananda.patil\.m2\repository\org\springframework\spring-web\6.0.7\spring-web-6.0.7.jar;C:\Users\vijayananda.patil\.m2\repository\org\springframework\spring-beans\6.0.7\spring-beans-6.0.7.jar;C:\Users\vijayananda.patil\.m2\repository\org\springframework\spring-webmvc\6.0.7\spring-webmvc-6.0.7.jar;C:\Users\vijayananda.patil\.m2\repository\org\springframework\spring-expression\6.0.7\spring-expression-6.0.7.jar;C:\Users\vijayananda.patil\.m2\repository\org\springframework\boot\spring-boot-starter-data-jpa\3.0.5\spring-boot-starter-data-jpa-3.0.5.jar;C:\Users\vijayananda.patil\.m2\repository\org\springframework\boot\spring-boot-starter-aop\3.0.5\spring-boot-starter-aop-3.0.5.jar;C:\Users\vijayananda.patil\.m2\repository\org\aspectj\aspectjweaver\1.9.19\aspectjweaver-1.9.19.jar;C:\Users\vijayananda.patil\.m2\repository\org\springframework\boot\spring-boot-starter-jdbc\3.0.5\spring-boot-starter-jdbc-3.0.5.jar;C:\Users\vijayananda.patil\.m2\repository\com\zaxxer\HikariCP\5.0.1\HikariCP-5.0.1.jar;C:\Users\vijayananda.patil\.m2\repository\org\springframework\spring-jdbc\6.0.7\spring-jdbc-6.0.7.jar;C:\Users\vijayananda.patil\.m2\repository\org\hibernate\orm\hibernate-core\6.1.7.Final\hibernate-core-6.1.7.Final.jar;C:\Users\vijayananda.patil\.m2\repository\jakarta\transaction\jakarta.transaction-api\2.0.1\jakarta.transaction-api-2.0.1.jar;C:\Users\vijayananda.patil\.m2\repository\org\jboss\logging\jboss-logging\3.5.0.Final\jboss-logging-3.5.0.Final.jar;C:\Users\vijayananda.patil\.m2\repository\org\hibernate\common\hibernate-commons-annotations\6.0.6.Final\hibernate-commons-annotations-6.0.6.Final.jar;C:\Users\vijayananda.patil\.m2\repository\org\jboss\jandex\2.4.2.Final\jandex-2.4.2.Final.jar;C:\Users\vijayananda.patil\.m2\repository\com\fasterxml\classmate\1.5.1\classmate-1.5.1.jar;C:\Users\vijayananda.patil\.m2\repository\net\bytebuddy\byte-buddy\1.12.23\byte-buddy-1.12.23.jar;C:\Users\vijayananda.patil\.m2\repository\org\glassfish\jaxb\jaxb-runtime\4.0.2\jaxb-runtime-4.0.2.jar;C:\Users\vijayananda.patil\.m2\repository\org\glassfish\jaxb\jaxb-core\4.0.2\jaxb-core-4.0.2.jar;C:\Users\vijayananda.patil\.m2\repository\org\eclipse\angus\angus-activation\2.0.0\angus-activation-2.0.0.jar;C:\Users\vijayananda.patil\.m2\repository\org\glassfish\jaxb\txw2\4.0.2\txw2-4.0.2.jar;C:\Users\vijayananda.patil\.m2\repository\com\sun\istack\istack-commons-runtime\4.1.1\istack-commons-runtime-4.1.1.jar;C:\Users\vijayananda.patil\.m2\repository\jakarta\inject\jakarta.inject-api\2.0.0\jakarta.inject-api-2.0.0.jar;C:\Users\vijayananda.patil\.m2\repository\org\antlr\antlr4-runtime\4.10.1\antlr4-runtime-4.10.1.jar;C:\Users\vijayananda.patil\.m2\repository\org\springframework\data\spring-data-jpa\3.0.4\spring-data-jpa-3.0.4.jar;C:\Users\vijayananda.patil\.m2\repository\org\springframework\data\spring-data-commons\3.0.4\spring-data-commons-3.0.4.jar;C:\Users\vijayananda.patil\.m2\repository\org\springframework\spring-orm\6.0.7\spring-orm-6.0.7.jar;C:\Users\vijayananda.patil\.m2\repository\org\springframework\spring-aspects\6.0.7\spring-aspects-6.0.7.jar;C:\Users\vijayananda.patil\.m2\repository\jakarta\persistence\jakarta.persistence-api\3.1.0\jakarta.persistence-api-3.1.0.jar;C:\Users\vijayananda.patil\.m2\repository\org\springframework\kafka\spring-kafka\3.0.5\spring-kafka-3.0.5.jar;C:\Users\vijayananda.patil\.m2\repository\org\springframework\spring-context\6.0.7\spring-context-6.0.7.jar;C:\Users\vijayananda.patil\.m2\repository\org\springframework\spring-messaging\6.0.7\spring-messaging-6.0.7.jar;C:\Users\vijayananda.patil\.m2\repository\org\springframework\spring-tx\6.0.7\spring-tx-6.0.7.jar;C:\Users\vijayananda.patil\.m2\repository\org\apache\kafka\kafka-clients\3.3.2\kafka-clients-3.3.2.jar;C:\Users\vijayananda.patil\.m2\repository\com\github\luben\zstd-jni\1.5.2-1\zstd-jni-1.5.2-1.jar;C:\Users\vijayananda.patil\.m2\repository\org\lz4\lz4-java\1.8.0\lz4-java-1.8.0.jar;C:\Users\vijayananda.patil\.m2\repository\org\xerial\snappy\snappy-java\1.1.8.4\snappy-java-1.1.8.4.jar;C:\Users\vijayananda.patil\.m2\repository\io\micrometer\micrometer-observation\1.10.5\micrometer-observation-1.10.5.jar;C:\Users\vijayananda.patil\.m2\repository\com\google\code\findbugs\jsr305\3.0.2\jsr305-3.0.2.jar;C:\Users\vijayananda.patil\.m2\repository\org\postgresql\postgresql\42.5.4\postgresql-42.5.4.jar;C:\Users\vijayananda.patil\.m2\repository\org\checkerframework\checker-qual\3.5.0\checker-qual-3.5.0.jar;C:\Users\vijayananda.patil\.m2\repository\org\springframework\boot\spring-boot-starter-test\3.0.5\spring-boot-starter-test-3.0.5.jar;C:\Users\vijayananda.patil\.m2\repository\org\springframework\boot\spring-boot-test\3.0.5\spring-boot-test-3.0.5.jar;C:\Users\vijayananda.patil\.m2\repository\org\springframework\boot\spring-boot-test-autoconfigure\3.0.5\spring-boot-test-autoconfigure-3.0.5.jar;C:\Users\vijayananda.patil\.m2\repository\com\jayway\jsonpath\json-path\2.7.0\json-path-2.7.0.jar;C:\Users\vijayananda.patil\.m2\repository\net\minidev\json-smart\2.4.10\json-smart-2.4.10.jar;C:\Users\vijayananda.patil\.m2\repository\net\minidev\accessors-smart\2.4.9\accessors-smart-2.4.9.jar;C:\Users\vijayananda.patil\.m2\repository\org\ow2\asm\asm\9.3\asm-9.3.jar;C:\Users\vijayananda.patil\.m2\repository\jakarta\xml\bind\jakarta.xml.bind-api\4.0.0\jakarta.xml.bind-api-4.0.0.jar;C:\Users\vijayananda.patil\.m2\repository\jakarta\activation\jakarta.activation-api\2.1.1\jakarta.activation-api-2.1.1.jar;C:\Users\vijayananda.patil\.m2\repository\org\assertj\assertj-core\3.23.1\assertj-core-3.23.1.jar;C:\Users\vijayananda.patil\.m2\repository\org\hamcrest\hamcrest\2.2\hamcrest-2.2.jar;C:\Users\vijayananda.patil\.m2\repository\org\junit\jupiter\junit-jupiter\5.9.2\junit-jupiter-5.9.2.jar;C:\Users\vijayananda.patil\.m2\repository\org\junit\jupiter\junit-jupiter-params\5.9.2\junit-jupiter-params-5.9.2.jar;C:\Users\vijayananda.patil\.m2\repository\org\junit\jupiter\junit-jupiter-engine\5.9.2\junit-jupiter-engine-5.9.2.jar;C:\Users\vijayananda.patil\.m2\repository\org\mockito\mockito-core\4.8.1\mockito-core-4.8.1.jar;C:\Users\vijayananda.patil\.m2\repository\net\bytebuddy\byte-buddy-agent\1.12.23\byte-buddy-agent-1.12.23.jar;C:\Users\vijayananda.patil\.m2\repository\org\objenesis\objenesis\3.2\objenesis-3.2.jar;C:\Users\vijayananda.patil\.m2\repository\org\mockito\mockito-junit-jupiter\4.8.1\mockito-junit-jupiter-4.8.1.jar;C:\Users\vijayananda.patil\.m2\repository\org\skyscreamer\jsonassert\1.5.1\jsonassert-1.5.1.jar;C:\Users\vijayananda.patil\.m2\repository\com\vaadin\external\google\android-json\0.0.20131108.vaadin1\android-json-0.0.20131108.vaadin1.jar;C:\Users\vijayananda.patil\.m2\repository\org\springframework\spring-core\6.0.7\spring-core-6.0.7.jar;C:\Users\vijayananda.patil\.m2\repository\org\springframework\spring-jcl\6.0.7\spring-jcl-6.0.7.jar;C:\Users\vijayananda.patil\.m2\repository\org\springframework\spring-test\6.0.7\spring-test-6.0.7.jar;C:\Users\vijayananda.patil\.m2\repository\org\xmlunit\xmlunit-core\2.9.1\xmlunit-core-2.9.1.jar;C:\Users\vijayananda.patil\.m2\repository\org\springframework\kafka\spring-kafka-test\3.0.5\spring-kafka-test-3.0.5.jar;C:\Users\vijayananda.patil\.m2\repository\org\apache\zookeeper\zookeeper\3.6.3\zookeeper-3.6.3.jar;C:\Users\vijayananda.patil\.m2\repository\org\apache\zookeeper\zookeeper-jute\3.6.3\zookeeper-jute-3.6.3.jar;C:\Users\vijayananda.patil\.m2\repository\org\apache\yetus\audience-annotations\0.5.0\audience-annotations-0.5.0.jar;C:\Users\vijayananda.patil\.m2\repository\io\netty\netty-handler\4.1.90.Final\netty-handler-4.1.90.Final.jar;C:\Users\vijayananda.patil\.m2\repository\io\netty\netty-common\4.1.90.Final\netty-common-4.1.90.Final.jar;C:\Users\vijayananda.patil\.m2\repository\io\netty\netty-resolver\4.1.90.Final\netty-resolver-4.1.90.Final.jar;C:\Users\vijayananda.patil\.m2\repository\io\netty\netty-buffer\4.1.90.Final\netty-buffer-4.1.90.Final.jar;C:\Users\vijayananda.patil\.m2\repository\io\netty\netty-transport\4.1.90.Final\netty-transport-4.1.90.Final.jar;C:\Users\vijayananda.patil\.m2\repository\io\netty\netty-transport-native-unix-common\4.1.90.Final\netty-transport-native-unix-common-4.1.90.Final.jar;C:\Users\vijayananda.patil\.m2\repository\io\netty\netty-codec\4.1.90.Final\netty-codec-4.1.90.Final.jar;C:\Users\vijayananda.patil\.m2\repository\io\netty\netty-transport-native-epoll\4.1.90.Final\netty-transport-native-epoll-4.1.90.Final.jar;C:\Users\vijayananda.patil\.m2\repository\io\netty\netty-transport-classes-epoll\4.1.90.Final\netty-transport-classes-epoll-4.1.90.Final.jar;C:\Users\vijayananda.patil\.m2\repository\org\apache\kafka\kafka-clients\3.3.2\kafka-clients-3.3.2-test.jar;C:\Users\vijayananda.patil\.m2\repository\org\apache\kafka\kafka-metadata\3.3.2\kafka-metadata-3.3.2.jar;C:\Users\vijayananda.patil\.m2\repository\org\apache\kafka\kafka-server-common\3.3.2\kafka-server-common-3.3.2.jar;C:\Users\vijayananda.patil\.m2\repository\org\apache\kafka\kafka-raft\3.3.2\kafka-raft-3.3.2.jar;C:\Users\vijayananda.patil\.m2\repository\com\yammer\metrics\metrics-core\2.2.0\metrics-core-2.2.0.jar;C:\Users\vijayananda.patil\.m2\repository\org\apache\kafka\kafka-streams-test-utils\3.3.2\kafka-streams-test-utils-3.3.2.jar;C:\Users\vijayananda.patil\.m2\repository\org\apache\kafka\kafka-streams\3.3.2\kafka-streams-3.3.2.jar;C:\Users\vijayananda.patil\.m2\repository\org\rocksdb\rocksdbjni\7.1.2\rocksdbjni-7.1.2.jar;C:\Users\vijayananda.patil\.m2\repository\org\apache\kafka\kafka_2.13\3.3.2\kafka_2.13-3.3.2.jar;C:\Users\vijayananda.patil\.m2\repository\org\scala-lang\scala-library\2.13.8\scala-library-2.13.8.jar;C:\Users\vijayananda.patil\.m2\repository\org\apache\kafka\kafka-storage\3.3.2\kafka-storage-3.3.2.jar;C:\Users\vijayananda.patil\.m2\repository\org\apache\kafka\kafka-storage-api\3.3.2\kafka-storage-api-3.3.2.jar;C:\Users\vijayananda.patil\.m2\repository\net\sourceforge\argparse4j\argparse4j\0.7.0\argparse4j-0.7.0.jar;C:\Users\vijayananda.patil\.m2\repository\com\fasterxml\jackson\module\jackson-module-scala_2.13\2.14.2\jackson-module-scala_2.13-2.14.2.jar;C:\Users\vijayananda.patil\.m2\repository\com\thoughtworks\paranamer\paranamer\2.8\paranamer-2.8.jar;C:\Users\vijayananda.patil\.m2\repository\com\fasterxml\jackson\dataformat\jackson-dataformat-csv\2.14.2\jackson-dataformat-csv-2.14.2.jar;C:\Users\vijayananda.patil\.m2\repository\net\sf\jopt-simple\jopt-simple\5.0.4\jopt-simple-5.0.4.jar;C:\Users\vijayananda.patil\.m2\repository\org\bitbucket\b_c\jose4j\0.7.9\jose4j-0.7.9.jar;C:\Users\vijayananda.patil\.m2\repository\org\scala-lang\modules\scala-collection-compat_2.13\2.6.0\scala-collection-compat_2.13-2.6.0.jar;C:\Users\vijayananda.patil\.m2\repository\org\scala-lang\modules\scala-java8-compat_2.13\1.0.2\scala-java8-compat_2.13-1.0.2.jar;C:\Users\vijayananda.patil\.m2\repository\org\scala-lang\scala-reflect\2.13.8\scala-reflect-2.13.8.jar;C:\Users\vijayananda.patil\.m2\repository\com\typesafe\scala-logging\scala-logging_2.13\3.9.4\scala-logging_2.13-3.9.4.jar;C:\Users\vijayananda.patil\.m2\repository\io\dropwizard\metrics\metrics-core\4.2.18\metrics-core-4.2.18.jar;C:\Users\vijayananda.patil\.m2\repository\commons-cli\commons-cli\1.4\commons-cli-1.4.jar;C:\Users\vijayananda.patil\.m2\repository\org\apache\kafka\kafka_2.13\3.3.2\kafka_2.13-3.3.2-test.jar;C:\Users\vijayananda.patil\.m2\repository\org\junit\jupiter\junit-jupiter-api\5.9.2\junit-jupiter-api-5.9.2.jar;C:\Users\vijayananda.patil\.m2\repository\org\opentest4j\opentest4j\1.2.0\opentest4j-1.2.0.jar;C:\Users\vijayananda.patil\.m2\repository\org\junit\platform\junit-platform-commons\1.9.2\junit-platform-commons-1.9.2.jar;C:\Users\vijayananda.patil\.m2\repository\org\apiguardian\apiguardian-api\1.1.2\apiguardian-api-1.1.2.jar;C:\Users\vijayananda.patil\.m2\repository\org\junit\platform\junit-platform-launcher\1.9.2\junit-platform-launcher-1.9.2.jar;C:\Users\vijayananda.patil\.m2\repository\org\junit\platform\junit-platform-engine\1.9.2\junit-platform-engine-1.9.2.jar;C:\Users\vijayananda.patil\.m2\repository\com\h2database\h2\2.1.214\h2-2.1.214.jar;C:\Users\vijayananda.patil\.m2\repository\io\micrometer\micrometer-core\1.10.5\micrometer-core-1.10.5.jar;C:\Users\vijayananda.patil\.m2\repository\io\micrometer\micrometer-commons\1.10.5\micrometer-commons-1.10.5.jar;C:\Users\vijayananda.patil\.m2\repository\org\hdrhistogram\HdrHistogram\2.1.12\HdrHistogram-2.1.12.jar;C:\Users\vijayananda.patil\.m2\repository\org\latencyutils\LatencyUtils\2.0.3\LatencyUtils-2.0.3.jar;C:\Users\vijayananda.patil\.m2\repository\com\github\vladimir-bukhtoyarov\bucket4j-core\7.6.0\bucket4j-core-7.6.0.jar;C:\Users\vijayananda.patil\.m2\repository\io\github\resilience4j\resilience4j-circuitbreaker\2.0.2\resilience4j-circuitbreaker-2.0.2.jar;C:\Users\vijayananda.patil\.m2\repository\io\github\resilience4j\resilience4j-core\2.0.2\resilience4j-core-2.0.2.jar;C:\Users\vijayananda.patil\.m2\repository\org\slf4j\slf4j-api\2.0.7\slf4j-api-2.0.7.jar;C:\Users\vijayananda.patil\.m2\repository\org\springframework\boot\spring-boot-starter-security\3.0.5\spring-boot-starter-security-3.0.5.jar;C:\Users\vijayananda.patil\.m2\repository\org\springframework\spring-aop\6.0.7\spring-aop-6.0.7.jar;C:\Users\vijayananda.patil\.m2\repository\org\springframework\security\spring-security-config\6.0.2\spring-security-config-6.0.2.jar;C:\Users\vijayananda.patil\.m2\repository\org\springframework\security\spring-security-core\6.0.2\spring-security-core-6.0.2.jar;C:\Users\vijayananda.patil\.m2\repository\org\springframework\security\spring-security-crypto\6.0.2\spring-security-crypto-6.0.2.jar;C:\Users\vijayananda.patil\.m2\repository\org\springframework\security\spring-security-web\6.0.2\spring-security-web-6.0.2.jar;C:\Users\vijayananda.patil\.m2\repository\org\springframework\boot\spring-boot-starter-actuator\3.0.5\spring-boot-starter-actuator-3.0.5.jar;C:\Users\vijayananda.patil\.m2\repository\org\springframework\boot\spring-boot-actuator-autoconfigure\3.0.5\spring-boot-actuator-autoconfigure-3.0.5.jar;C:\Users\vijayananda.patil\.m2\repository\org\springframework\boot\spring-boot-actuator\3.0.5\spring-boot-actuator-3.0.5.jar;C:\Users\vijayananda.patil\.m2\repository\com\github\ben-manes\caffeine\caffeine\3.1.5\caffeine-3.1.5.jar;C:\Users\vijayananda.patil\.m2\repository\com\google\errorprone\error_prone_annotations\2.18.0\error_prone_annotations-2.18.0.jar;C:\Users\vijayananda.patil\.m2\repository\org\springframework\retry\spring-retry\2.0.1\spring-retry-2.0.1.jar;
2025-05-21T14:47:23.078+05:30  INFO 20732 --- [           main] o.a.zookeeper.server.ZooKeeperServer     : Server environment:java.library.path=C:\temp\jdk-17.0.12\bin;C:\Windows\Sun\Java\bin;C:\Windows\system32;C:\Windows;C:\temp\jdk-17.0.12\bin;C:\temp\Apache\maven\apache-maven-3.9.6\bin;C:\Program Files (x86)\Common Files\Oracle\Java\java8path;C:\Program Files (x86)\Common Files\Oracle\Java\javapath;C:\Windows\system32;C:\Windows;C:\Windows\System32\Wbem;C:\Windows\System32\WindowsPowerShell\v1.0\;C:\Windows\System32\OpenSSH\;C:\Program Files\Java\jre1.8.0_231;C:\Program Files\Java\jre1.8.0_231\bin;D:\fnm-windows;C:\Program Files (x86)\Bitvise SSH Client;C:\Program Files\nodejs\;C:\Program Files\dotnet\;C:\Users\stl.it\AppData\Local\Microsoft\WindowsApps;C:\Users\stl.it\.dotnet\tools;C:\Program Files\dotnet;C:\Program Files\Docker\Docker\resources\bin;C:\Users\vijayananda.patil\.cargo\bin;C:\Program Files\MySQL\MySQL Shell 8.0\bin\;C:\Program Files\Java\jdk1.8.0_231\bin;C:\Users\vijayananda.patil\AppData\Local\anaconda3;C:\Users\vijayananda.patil\AppData\Local\anaconda3\Library\mingw-w64\bin;C:\Users\vijayananda.patil\AppData\Local\anaconda3\Library\usr\bin;C:\Users\vijayananda.patil\AppData\Local\anaconda3\Library\bin;C:\Users\vijayananda.patil\AppData\Local\anaconda3\Scripts;C:\Users\vijayananda.patil\AppData\Local\Microsoft\WindowsApps;C:\Users\vijayananda.patil\AppData\Local\Programs\Microsoft VS Code\bin;C:\Users\vijayananda.patil\AppData\Local\GitHubDesktop\bin;C:\ProgramData\vijayananda.patil\GitHubDesktop\bin;C:\Users\vijayananda.patil\AppData\Local\Programs\Git\cmd;C:\Users\vijayananda.patil\AppData\Local\Tesseract-OCR;C:\Users\vijayananda.patil\AppData\Local\Programs\Ollama;C:\Users\vijayananda.patil\AppData\Roaming\npm;C:\Users\vijayananda.patil\.dotnet\tools;C:\Users\vijayananda.patil\AppData\Local\Programs\cursor\resources\app\bin;C:\src\flutter\bin;C:\Users\vijayananda.patil\AppData\Local\Box\Box Edit\;c:\Users\vijayananda.patil\AppData\Roaming\Cursor\User\globalStorage\github.copilot-chat\debugCommand;.
2025-05-21T14:47:23.078+05:30  INFO 20732 --- [           main] o.a.zookeeper.server.ZooKeeperServer     : Server environment:java.io.tmpdir=C:\Users\VIJAYA~1.PAT\AppData\Local\Temp\
2025-05-21T14:47:23.078+05:30  INFO 20732 --- [           main] o.a.zookeeper.server.ZooKeeperServer     : Server environment:java.compiler=<NA>
2025-05-21T14:47:23.078+05:30  INFO 20732 --- [           main] o.a.zookeeper.server.ZooKeeperServer     : Server environment:os.name=Windows 10
2025-05-21T14:47:23.078+05:30  INFO 20732 --- [           main] o.a.zookeeper.server.ZooKeeperServer     : Server environment:os.arch=amd64
2025-05-21T14:47:23.079+05:30  INFO 20732 --- [           main] o.a.zookeeper.server.ZooKeeperServer     : Server environment:os.version=10.0
2025-05-21T14:47:23.079+05:30  INFO 20732 --- [           main] o.a.zookeeper.server.ZooKeeperServer     : Server environment:user.name=vijayananda.patil
2025-05-21T14:47:23.079+05:30  INFO 20732 --- [           main] o.a.zookeeper.server.ZooKeeperServer     : Server environment:user.home=C:\Users\vijayananda.patil
2025-05-21T14:47:23.079+05:30  INFO 20732 --- [           main] o.a.zookeeper.server.ZooKeeperServer     : Server environment:user.dir=C:\Users\vijayananda.patil\Documents\GitHub\candidate-microservice\candidate-microservice
2025-05-21T14:47:23.079+05:30  INFO 20732 --- [           main] o.a.zookeeper.server.ZooKeeperServer     : Server environment:os.memory.free=37MB
2025-05-21T14:47:23.079+05:30  INFO 20732 --- [           main] o.a.zookeeper.server.ZooKeeperServer     : Server environment:os.memory.max=4022MB
2025-05-21T14:47:23.079+05:30  INFO 20732 --- [           main] o.a.zookeeper.server.ZooKeeperServer     : Server environment:os.memory.total=60MB
2025-05-21T14:47:23.079+05:30  INFO 20732 --- [           main] o.a.zookeeper.server.ZooKeeperServer     : zookeeper.enableEagerACLCheck = false
2025-05-21T14:47:23.081+05:30  INFO 20732 --- [           main] o.a.zookeeper.server.ZooKeeperServer     : zookeeper.digest.enabled = true
2025-05-21T14:47:23.081+05:30  INFO 20732 --- [           main] o.a.zookeeper.server.ZooKeeperServer     : zookeeper.closeSessionTxn.enabled = true
2025-05-21T14:47:23.081+05:30  INFO 20732 --- [           main] o.a.zookeeper.server.ZooKeeperServer     : zookeeper.flushDelay=0
2025-05-21T14:47:23.081+05:30  INFO 20732 --- [           main] o.a.zookeeper.server.ZooKeeperServer     : zookeeper.maxWriteQueuePollTime=0
2025-05-21T14:47:23.081+05:30  INFO 20732 --- [           main] o.a.zookeeper.server.ZooKeeperServer     : zookeeper.maxBatchSize=1000
2025-05-21T14:47:23.081+05:30  INFO 20732 --- [           main] o.a.zookeeper.server.ZooKeeperServer     : zookeeper.intBufferStartingSizeBytes = 1024
2025-05-21T14:47:23.085+05:30  INFO 20732 --- [           main] o.a.z.server.persistence.FileTxnSnapLog  : zookeeper.snapshot.trust.empty : false
2025-05-21T14:47:23.109+05:30  INFO 20732 --- [           main] o.a.z.server.watch.WatchManagerFactory   : Using org.apache.zookeeper.server.watch.WatchManager as watch manager
2025-05-21T14:47:23.109+05:30  INFO 20732 --- [           main] o.a.z.server.watch.WatchManagerFactory   : Using org.apache.zookeeper.server.watch.WatchManager as watch manager
2025-05-21T14:47:23.109+05:30  INFO 20732 --- [           main] org.apache.zookeeper.server.ZKDatabase   : zookeeper.snapshotSizeFactor = 0.33
2025-05-21T14:47:23.110+05:30  INFO 20732 --- [           main] org.apache.zookeeper.server.ZKDatabase   : zookeeper.commitLogCount=500
2025-05-21T14:47:23.116+05:30  INFO 20732 --- [           main] o.apache.zookeeper.server.BlueThrottle   : Weighed connection throttling is disabled
2025-05-21T14:47:23.122+05:30  INFO 20732 --- [           main] o.a.zookeeper.server.ZooKeeperServer     : minSessionTimeout set to 1600
2025-05-21T14:47:23.123+05:30  INFO 20732 --- [           main] o.a.zookeeper.server.ZooKeeperServer     : maxSessionTimeout set to 16000
2025-05-21T14:47:23.124+05:30  INFO 20732 --- [           main] o.apache.zookeeper.server.ResponseCache  : Response cache size is initialized with value 400.
2025-05-21T14:47:23.125+05:30  INFO 20732 --- [           main] o.apache.zookeeper.server.ResponseCache  : Response cache size is initialized with value 400.
2025-05-21T14:47:23.125+05:30  INFO 20732 --- [           main] o.a.z.s.u.RequestPathMetricsCollector    : zookeeper.pathStats.slotCapacity = 60
2025-05-21T14:47:23.126+05:30  INFO 20732 --- [           main] o.a.z.s.u.RequestPathMetricsCollector    : zookeeper.pathStats.slotDuration = 15
2025-05-21T14:47:23.126+05:30  INFO 20732 --- [           main] o.a.z.s.u.RequestPathMetricsCollector    : zookeeper.pathStats.maxDepth = 6
2025-05-21T14:47:23.126+05:30  INFO 20732 --- [           main] o.a.z.s.u.RequestPathMetricsCollector    : zookeeper.pathStats.initialDelay = 5
2025-05-21T14:47:23.126+05:30  INFO 20732 --- [           main] o.a.z.s.u.RequestPathMetricsCollector    : zookeeper.pathStats.delay = 5
2025-05-21T14:47:23.126+05:30  INFO 20732 --- [           main] o.a.z.s.u.RequestPathMetricsCollector    : zookeeper.pathStats.enabled = false
2025-05-21T14:47:23.128+05:30  INFO 20732 --- [           main] o.a.zookeeper.server.ZooKeeperServer     : The max bytes for all large requests are set to 104857600
2025-05-21T14:47:23.129+05:30  INFO 20732 --- [           main] o.a.zookeeper.server.ZooKeeperServer     : The large request threshold is set to -1
2025-05-21T14:47:23.129+05:30  INFO 20732 --- [           main] o.a.zookeeper.server.ZooKeeperServer     : Created server with tickTime 800 minSessionTimeout 1600 maxSessionTimeout 16000 clientPortListenBacklog -1 datadir C:\Users\VIJAYA~1.PAT\AppData\Local\Temp\kafka-6630376988629928525\version-2 snapdir C:\Users\VIJAYA~1.PAT\AppData\Local\Temp\kafka-7450400794653603272\version-2
2025-05-21T14:47:23.211+05:30  WARN 20732 --- [           main] o.a.zookeeper.server.ServerCnxnFactory   : maxCnxns is not configured, using default value 0.
2025-05-21T14:47:23.214+05:30  INFO 20732 --- [           main] o.a.z.server.NIOServerCnxnFactory        : Configuring NIO connection handler with 10s sessionless connection timeout, 2 selector thread(s), 16 worker threads, and 64 kB direct buffers.
2025-05-21T14:47:23.225+05:30  INFO 20732 --- [           main] o.a.z.server.NIOServerCnxnFactory        : binding to port /127.0.0.1:0
2025-05-21T14:47:23.249+05:30  INFO 20732 --- [           main] o.a.z.server.persistence.SnapStream      : zookeeper.snapshot.compression.method = CHECKED
2025-05-21T14:47:23.249+05:30  INFO 20732 --- [           main] o.a.z.server.persistence.FileTxnSnapLog  : Snapshotting: 0x0 to C:\Users\VIJAYA~1.PAT\AppData\Local\Temp\kafka-7450400794653603272\version-2\snapshot.0
2025-05-21T14:47:23.256+05:30  INFO 20732 --- [           main] org.apache.zookeeper.server.ZKDatabase   : Snapshot loaded in 25 ms, highest zxid is 0x0, digest is 1371985504
2025-05-21T14:47:23.256+05:30  INFO 20732 --- [           main] o.a.z.server.persistence.FileTxnSnapLog  : Snapshotting: 0x0 to C:\Users\VIJAYA~1.PAT\AppData\Local\Temp\kafka-7450400794653603272\version-2\snapshot.0
2025-05-21T14:47:23.259+05:30  INFO 20732 --- [           main] o.a.zookeeper.server.ZooKeeperServer     : Snapshot taken in 3 ms
2025-05-21T14:47:23.268+05:30  INFO 20732 --- [0 cport:51456):] o.a.z.server.PrepRequestProcessor        : PrepRequestProcessor (sid:0) started, reconfigEnabled=false
2025-05-21T14:47:23.268+05:30  INFO 20732 --- [           main] o.a.zookeeper.server.RequestThrottler    : zookeeper.request_throttler.shutdownTimeout = 10000
2025-05-21T14:47:23.554+05:30  INFO 20732 --- [           main] kafka.server.KafkaConfig                 : KafkaConfig values: 
	advertised.listeners = null
	alter.config.policy.class.name = null
	alter.log.dirs.replication.quota.window.num = 11
	alter.log.dirs.replication.quota.window.size.seconds = 1
	authorizer.class.name = 
	auto.create.topics.enable = true
	auto.leader.rebalance.enable = true
	background.threads = 10
	broker.heartbeat.interval.ms = 2000
	broker.id = 0
	broker.id.generation.enable = true
	broker.rack = null
	broker.session.timeout.ms = 9000
	client.quota.callback.class = null
	compression.type = producer
	connection.failed.authentication.delay.ms = 100
	connections.max.idle.ms = 600000
	connections.max.reauth.ms = 0
	control.plane.listener.name = null
	controlled.shutdown.enable = false
	controlled.shutdown.max.retries = 3
	controlled.shutdown.retry.backoff.ms = 100
	controller.listener.names = null
	controller.quorum.append.linger.ms = 25
	controller.quorum.election.backoff.max.ms = 1000
	controller.quorum.election.timeout.ms = 1000
	controller.quorum.fetch.timeout.ms = 2000
	controller.quorum.request.timeout.ms = 2000
	controller.quorum.retry.backoff.ms = 20
	controller.quorum.voters = []
	controller.quota.window.num = 11
	controller.quota.window.size.seconds = 1
	controller.socket.timeout.ms = 1000
	create.topic.policy.class.name = null
	default.replication.factor = 1
	delegation.token.expiry.check.interval.ms = 3600000
	delegation.token.expiry.time.ms = 86400000
	delegation.token.master.key = null
	delegation.token.max.lifetime.ms = 604800000
	delegation.token.secret.key = null
	delete.records.purgatory.purge.interval.requests = 1
	delete.topic.enable = true
	early.start.listeners = null
	fetch.max.bytes = 57671680
	fetch.purgatory.purge.interval.requests = 1000
	group.initial.rebalance.delay.ms = 0
	group.max.session.timeout.ms = 1800000
	group.max.size = 2147483647
	group.min.session.timeout.ms = 6000
	initial.broker.registration.timeout.ms = 60000
	inter.broker.listener.name = null
	inter.broker.protocol.version = 3.3-IV3
	kafka.metrics.polling.interval.secs = 10
	kafka.metrics.reporters = []
	leader.imbalance.check.interval.seconds = 300
	leader.imbalance.per.broker.percentage = 10
	listener.security.protocol.map = PLAINTEXT:PLAINTEXT,SSL:SSL,SASL_PLAINTEXT:SASL_PLAINTEXT,SASL_SSL:SASL_SSL
	listeners = PLAINTEXT://localhost:0
	log.cleaner.backoff.ms = 15000
	log.cleaner.dedupe.buffer.size = 2097152
	log.cleaner.delete.retention.ms = 86400000
	log.cleaner.enable = true
	log.cleaner.io.buffer.load.factor = 0.9
	log.cleaner.io.buffer.size = 524288
	log.cleaner.io.max.bytes.per.second = 1.7976931348623157E308
	log.cleaner.max.compaction.lag.ms = 9223372036854775807
	log.cleaner.min.cleanable.ratio = 0.5
	log.cleaner.min.compaction.lag.ms = 0
	log.cleaner.threads = 1
	log.cleanup.policy = [delete]
	log.dir = C:\Users\VIJAYA~1.PAT\AppData\Local\Temp\spring.kafka.f9a3b17d-f5ab-4993-bbea-734d360ad5a915379493876412169245
	log.dirs = null
	log.flush.interval.messages = 9223372036854775807
	log.flush.interval.ms = null
	log.flush.offset.checkpoint.interval.ms = 60000
	log.flush.scheduler.interval.ms = 9223372036854775807
	log.flush.start.offset.checkpoint.interval.ms = 60000
	log.index.interval.bytes = 4096
	log.index.size.max.bytes = 10485760
	log.message.downconversion.enable = true
	log.message.format.version = 3.0-IV1
	log.message.timestamp.difference.max.ms = 9223372036854775807
	log.message.timestamp.type = CreateTime
	log.preallocate = false
	log.retention.bytes = -1
	log.retention.check.interval.ms = 300000
	log.retention.hours = 168
	log.retention.minutes = null
	log.retention.ms = null
	log.roll.hours = 168
	log.roll.jitter.hours = 0
	log.roll.jitter.ms = null
	log.roll.ms = null
	log.segment.bytes = 1073741824
	log.segment.delete.delay.ms = 1000
	max.connection.creation.rate = 2147483647
	max.connections = 2147483647
	max.connections.per.ip = 2147483647
	max.connections.per.ip.overrides = 
	max.incremental.fetch.session.cache.slots = 1000
	message.max.bytes = 1048588
	metadata.log.dir = null
	metadata.log.max.record.bytes.between.snapshots = 20971520
	metadata.log.segment.bytes = 1073741824
	metadata.log.segment.min.bytes = 8388608
	metadata.log.segment.ms = 604800000
	metadata.max.idle.interval.ms = 500
	metadata.max.retention.bytes = -1
	metadata.max.retention.ms = 604800000
	metric.reporters = []
	metrics.num.samples = 2
	metrics.recording.level = INFO
	metrics.sample.window.ms = 30000
	min.insync.replicas = 1
	node.id = 0
	num.io.threads = 8
	num.network.threads = 3
	num.partitions = 1
	num.recovery.threads.per.data.dir = 1
	num.replica.alter.log.dirs.threads = null
	num.replica.fetchers = 1
	offset.metadata.max.bytes = 4096
	offsets.commit.required.acks = -1
	offsets.commit.timeout.ms = 5000
	offsets.load.buffer.size = 5242880
	offsets.retention.check.interval.ms = 600000
	offsets.retention.minutes = 10080
	offsets.topic.compression.codec = 0
	offsets.topic.num.partitions = 5
	offsets.topic.replication.factor = 1
	offsets.topic.segment.bytes = 104857600
	password.encoder.cipher.algorithm = AES/CBC/PKCS5Padding
	password.encoder.iterations = 4096
	password.encoder.key.length = 128
	password.encoder.keyfactory.algorithm = null
	password.encoder.old.secret = null
	password.encoder.secret = null
	principal.builder.class = class org.apache.kafka.common.security.authenticator.DefaultKafkaPrincipalBuilder
	process.roles = []
	producer.purgatory.purge.interval.requests = 1000
	queued.max.request.bytes = -1
	queued.max.requests = 500
	quota.window.num = 11
	quota.window.size.seconds = 1
	remote.log.index.file.cache.total.size.bytes = 1073741824
	remote.log.manager.task.interval.ms = 30000
	remote.log.manager.task.retry.backoff.max.ms = 30000
	remote.log.manager.task.retry.backoff.ms = 500
	remote.log.manager.task.retry.jitter = 0.2
	remote.log.manager.thread.pool.size = 10
	remote.log.metadata.manager.class.name = null
	remote.log.metadata.manager.class.path = null
	remote.log.metadata.manager.impl.prefix = null
	remote.log.metadata.manager.listener.name = null
	remote.log.reader.max.pending.tasks = 100
	remote.log.reader.threads = 10
	remote.log.storage.manager.class.name = null
	remote.log.storage.manager.class.path = null
	remote.log.storage.manager.impl.prefix = null
	remote.log.storage.system.enable = false
	replica.fetch.backoff.ms = 1000
	replica.fetch.max.bytes = 1048576
	replica.fetch.min.bytes = 1
	replica.fetch.response.max.bytes = 10485760
	replica.fetch.wait.max.ms = 500
	replica.high.watermark.checkpoint.interval.ms = 9223372036854775807
	replica.lag.time.max.ms = 30000
	replica.selector.class = null
	replica.socket.receive.buffer.bytes = 65536
	replica.socket.timeout.ms = 1000
	replication.quota.window.num = 11
	replication.quota.window.size.seconds = 1
	request.timeout.ms = 30000
	reserved.broker.max.id = 1000
	sasl.client.callback.handler.class = null
	sasl.enabled.mechanisms = [GSSAPI]
	sasl.jaas.config = null
	sasl.kerberos.kinit.cmd = /usr/bin/kinit
	sasl.kerberos.min.time.before.relogin = 60000
	sasl.kerberos.principal.to.local.rules = [DEFAULT]
	sasl.kerberos.service.name = null
	sasl.kerberos.ticket.renew.jitter = 0.05
	sasl.kerberos.ticket.renew.window.factor = 0.8
	sasl.login.callback.handler.class = null
	sasl.login.class = null
	sasl.login.connect.timeout.ms = null
	sasl.login.read.timeout.ms = null
	sasl.login.refresh.buffer.seconds = 300
	sasl.login.refresh.min.period.seconds = 60
	sasl.login.refresh.window.factor = 0.8
	sasl.login.refresh.window.jitter = 0.05
	sasl.login.retry.backoff.max.ms = 10000
	sasl.login.retry.backoff.ms = 100
	sasl.mechanism.controller.protocol = GSSAPI
	sasl.mechanism.inter.broker.protocol = GSSAPI
	sasl.oauthbearer.clock.skew.seconds = 30
	sasl.oauthbearer.expected.audience = null
	sasl.oauthbearer.expected.issuer = null
	sasl.oauthbearer.jwks.endpoint.refresh.ms = 3600000
	sasl.oauthbearer.jwks.endpoint.retry.backoff.max.ms = 10000
	sasl.oauthbearer.jwks.endpoint.retry.backoff.ms = 100
	sasl.oauthbearer.jwks.endpoint.url = null
	sasl.oauthbearer.scope.claim.name = scope
	sasl.oauthbearer.sub.claim.name = sub
	sasl.oauthbearer.token.endpoint.url = null
	sasl.server.callback.handler.class = null
	sasl.server.max.receive.size = 524288
	security.inter.broker.protocol = PLAINTEXT
	security.providers = null
	socket.connection.setup.timeout.max.ms = 30000
	socket.connection.setup.timeout.ms = 10000
	socket.listen.backlog.size = 50
	socket.receive.buffer.bytes = 102400
	socket.request.max.bytes = 104857600
	socket.send.buffer.bytes = 102400
	ssl.cipher.suites = []
	ssl.client.auth = none
	ssl.enabled.protocols = [TLSv1.2, TLSv1.3]
	ssl.endpoint.identification.algorithm = https
	ssl.engine.factory.class = null
	ssl.key.password = null
	ssl.keymanager.algorithm = SunX509
	ssl.keystore.certificate.chain = null
	ssl.keystore.key = null
	ssl.keystore.location = null
	ssl.keystore.password = null
	ssl.keystore.type = JKS
	ssl.principal.mapping.rules = DEFAULT
	ssl.protocol = TLSv1.3
	ssl.provider = null
	ssl.secure.random.implementation = null
	ssl.trustmanager.algorithm = PKIX
	ssl.truststore.certificates = null
	ssl.truststore.location = null
	ssl.truststore.password = null
	ssl.truststore.type = JKS
	transaction.abort.timed.out.transaction.cleanup.interval.ms = 10000
	transaction.max.timeout.ms = 900000
	transaction.remove.expired.transaction.cleanup.interval.ms = 3600000
	transaction.state.log.load.buffer.size = 5242880
	transaction.state.log.min.isr = 2
	transaction.state.log.num.partitions = 50
	transaction.state.log.replication.factor = 3
	transaction.state.log.segment.bytes = 104857600
	transactional.id.expiration.ms = 604800000
	unclean.leader.election.enable = false
	zookeeper.clientCnxnSocket = null
	zookeeper.connect = 127.0.0.1:51456
	zookeeper.connection.timeout.ms = 10000
	zookeeper.max.in.flight.requests = 10
	zookeeper.session.timeout.ms = 18000
	zookeeper.set.acl = false
	zookeeper.ssl.cipher.suites = null
	zookeeper.ssl.client.enable = false
	zookeeper.ssl.crl.enable = false
	zookeeper.ssl.enabled.protocols = null
	zookeeper.ssl.endpoint.identification.algorithm = HTTPS
	zookeeper.ssl.keystore.location = null
	zookeeper.ssl.keystore.password = null
	zookeeper.ssl.keystore.type = null
	zookeeper.ssl.ocsp.enable = false
	zookeeper.ssl.protocol = TLSv1.2
	zookeeper.ssl.truststore.location = null
	zookeeper.ssl.truststore.password = null
	zookeeper.ssl.truststore.type = null

2025-05-21T14:47:23.594+05:30  INFO 20732 --- [           main] org.apache.zookeeper.common.X509Util     : Setting -D jdk.tls.rejectClientInitiatedRenegotiation=true to disable client-initiated TLS renegotiation
2025-05-21T14:47:23.678+05:30  INFO 20732 --- [           main] kafka.server.KafkaServer                 : starting
2025-05-21T14:47:23.678+05:30  INFO 20732 --- [           main] kafka.server.KafkaServer                 : Connecting to zookeeper on 127.0.0.1:51456
2025-05-21T14:47:23.690+05:30  INFO 20732 --- [           main] kafka.zookeeper.ZooKeeperClient          : [ZooKeeperClient Kafka server] Initializing a new session to 127.0.0.1:51456.
2025-05-21T14:47:39.276+05:30  INFO 20732 --- [           main] org.apache.zookeeper.ZooKeeper           : Client environment:zookeeper.version=3.6.3--6401e4ad2087061bc6b9f80dec2d69f2e3c8660a, built on 04/08/2021 16:35 GMT
2025-05-21T14:47:39.276+05:30  INFO 20732 --- [           main] org.apache.zookeeper.ZooKeeper           : Client environment:host.name=BAN-LL-VIJAYANA.STLERI.COM
2025-05-21T14:47:39.276+05:30  INFO 20732 --- [           main] org.apache.zookeeper.ZooKeeper           : Client environment:java.version=17.0.12
2025-05-21T14:47:39.276+05:30  INFO 20732 --- [           main] org.apache.zookeeper.ZooKeeper           : Client environment:java.vendor=Oracle Corporation
2025-05-21T14:47:39.276+05:30  INFO 20732 --- [           main] org.apache.zookeeper.ZooKeeper           : Client environment:java.home=C:\temp\jdk-17.0.12
2025-05-21T14:47:39.277+05:30  INFO 20732 --- [           main] org.apache.zookeeper.ZooKeeper           : Client environment:java.class.path=C:\Users\vijayananda.patil\Documents\GitHub\candidate-microservice\candidate-microservice\target\test-classes;C:\Users\vijayananda.patil\Documents\GitHub\candidate-microservice\candidate-microservice\target\classes;C:\Users\vijayananda.patil\.m2\repository\org\springframework\boot\spring-boot-starter-web\3.0.5\spring-boot-starter-web-3.0.5.jar;C:\Users\vijayananda.patil\.m2\repository\org\springframework\boot\spring-boot-starter\3.0.5\spring-boot-starter-3.0.5.jar;C:\Users\vijayananda.patil\.m2\repository\org\springframework\boot\spring-boot\3.0.5\spring-boot-3.0.5.jar;C:\Users\vijayananda.patil\.m2\repository\org\springframework\boot\spring-boot-autoconfigure\3.0.5\spring-boot-autoconfigure-3.0.5.jar;C:\Users\vijayananda.patil\.m2\repository\org\springframework\boot\spring-boot-starter-logging\3.0.5\spring-boot-starter-logging-3.0.5.jar;C:\Users\vijayananda.patil\.m2\repository\ch\qos\logback\logback-classic\1.4.6\logback-classic-1.4.6.jar;C:\Users\vijayananda.patil\.m2\repository\ch\qos\logback\logback-core\1.4.6\logback-core-1.4.6.jar;C:\Users\vijayananda.patil\.m2\repository\org\apache\logging\log4j\log4j-to-slf4j\2.19.0\log4j-to-slf4j-2.19.0.jar;C:\Users\vijayananda.patil\.m2\repository\org\apache\logging\log4j\log4j-api\2.19.0\log4j-api-2.19.0.jar;C:\Users\vijayananda.patil\.m2\repository\org\slf4j\jul-to-slf4j\2.0.7\jul-to-slf4j-2.0.7.jar;C:\Users\vijayananda.patil\.m2\repository\jakarta\annotation\jakarta.annotation-api\2.1.1\jakarta.annotation-api-2.1.1.jar;C:\Users\vijayananda.patil\.m2\repository\org\yaml\snakeyaml\1.33\snakeyaml-1.33.jar;C:\Users\vijayananda.patil\.m2\repository\org\springframework\boot\spring-boot-starter-json\3.0.5\spring-boot-starter-json-3.0.5.jar;C:\Users\vijayananda.patil\.m2\repository\com\fasterxml\jackson\core\jackson-databind\2.14.2\jackson-databind-2.14.2.jar;C:\Users\vijayananda.patil\.m2\repository\com\fasterxml\jackson\core\jackson-annotations\2.14.2\jackson-annotations-2.14.2.jar;C:\Users\vijayananda.patil\.m2\repository\com\fasterxml\jackson\core\jackson-core\2.14.2\jackson-core-2.14.2.jar;C:\Users\vijayananda.patil\.m2\repository\com\fasterxml\jackson\datatype\jackson-datatype-jdk8\2.14.2\jackson-datatype-jdk8-2.14.2.jar;C:\Users\vijayananda.patil\.m2\repository\com\fasterxml\jackson\datatype\jackson-datatype-jsr310\2.14.2\jackson-datatype-jsr310-2.14.2.jar;C:\Users\vijayananda.patil\.m2\repository\com\fasterxml\jackson\module\jackson-module-parameter-names\2.14.2\jackson-module-parameter-names-2.14.2.jar;C:\Users\vijayananda.patil\.m2\repository\org\springframework\boot\spring-boot-starter-tomcat\3.0.5\spring-boot-starter-tomcat-3.0.5.jar;C:\Users\vijayananda.patil\.m2\repository\org\apache\tomcat\embed\tomcat-embed-core\10.1.7\tomcat-embed-core-10.1.7.jar;C:\Users\vijayananda.patil\.m2\repository\org\apache\tomcat\embed\tomcat-embed-el\10.1.7\tomcat-embed-el-10.1.7.jar;C:\Users\vijayananda.patil\.m2\repository\org\apache\tomcat\embed\tomcat-embed-websocket\10.1.7\tomcat-embed-websocket-10.1.7.jar;C:\Users\vijayananda.patil\.m2\repository\org\springframework\spring-web\6.0.7\spring-web-6.0.7.jar;C:\Users\vijayananda.patil\.m2\repository\org\springframework\spring-beans\6.0.7\spring-beans-6.0.7.jar;C:\Users\vijayananda.patil\.m2\repository\org\springframework\spring-webmvc\6.0.7\spring-webmvc-6.0.7.jar;C:\Users\vijayananda.patil\.m2\repository\org\springframework\spring-expression\6.0.7\spring-expression-6.0.7.jar;C:\Users\vijayananda.patil\.m2\repository\org\springframework\boot\spring-boot-starter-data-jpa\3.0.5\spring-boot-starter-data-jpa-3.0.5.jar;C:\Users\vijayananda.patil\.m2\repository\org\springframework\boot\spring-boot-starter-aop\3.0.5\spring-boot-starter-aop-3.0.5.jar;C:\Users\vijayananda.patil\.m2\repository\org\aspectj\aspectjweaver\1.9.19\aspectjweaver-1.9.19.jar;C:\Users\vijayananda.patil\.m2\repository\org\springframework\boot\spring-boot-starter-jdbc\3.0.5\spring-boot-starter-jdbc-3.0.5.jar;C:\Users\vijayananda.patil\.m2\repository\com\zaxxer\HikariCP\5.0.1\HikariCP-5.0.1.jar;C:\Users\vijayananda.patil\.m2\repository\org\springframework\spring-jdbc\6.0.7\spring-jdbc-6.0.7.jar;C:\Users\vijayananda.patil\.m2\repository\org\hibernate\orm\hibernate-core\6.1.7.Final\hibernate-core-6.1.7.Final.jar;C:\Users\vijayananda.patil\.m2\repository\jakarta\transaction\jakarta.transaction-api\2.0.1\jakarta.transaction-api-2.0.1.jar;C:\Users\vijayananda.patil\.m2\repository\org\jboss\logging\jboss-logging\3.5.0.Final\jboss-logging-3.5.0.Final.jar;C:\Users\vijayananda.patil\.m2\repository\org\hibernate\common\hibernate-commons-annotations\6.0.6.Final\hibernate-commons-annotations-6.0.6.Final.jar;C:\Users\vijayananda.patil\.m2\repository\org\jboss\jandex\2.4.2.Final\jandex-2.4.2.Final.jar;C:\Users\vijayananda.patil\.m2\repository\com\fasterxml\classmate\1.5.1\classmate-1.5.1.jar;C:\Users\vijayananda.patil\.m2\repository\net\bytebuddy\byte-buddy\1.12.23\byte-buddy-1.12.23.jar;C:\Users\vijayananda.patil\.m2\repository\org\glassfish\jaxb\jaxb-runtime\4.0.2\jaxb-runtime-4.0.2.jar;C:\Users\vijayananda.patil\.m2\repository\org\glassfish\jaxb\jaxb-core\4.0.2\jaxb-core-4.0.2.jar;C:\Users\vijayananda.patil\.m2\repository\org\eclipse\angus\angus-activation\2.0.0\angus-activation-2.0.0.jar;C:\Users\vijayananda.patil\.m2\repository\org\glassfish\jaxb\txw2\4.0.2\txw2-4.0.2.jar;C:\Users\vijayananda.patil\.m2\repository\com\sun\istack\istack-commons-runtime\4.1.1\istack-commons-runtime-4.1.1.jar;C:\Users\vijayananda.patil\.m2\repository\jakarta\inject\jakarta.inject-api\2.0.0\jakarta.inject-api-2.0.0.jar;C:\Users\vijayananda.patil\.m2\repository\org\antlr\antlr4-runtime\4.10.1\antlr4-runtime-4.10.1.jar;C:\Users\vijayananda.patil\.m2\repository\org\springframework\data\spring-data-jpa\3.0.4\spring-data-jpa-3.0.4.jar;C:\Users\vijayananda.patil\.m2\repository\org\springframework\data\spring-data-commons\3.0.4\spring-data-commons-3.0.4.jar;C:\Users\vijayananda.patil\.m2\repository\org\springframework\spring-orm\6.0.7\spring-orm-6.0.7.jar;C:\Users\vijayananda.patil\.m2\repository\org\springframework\spring-aspects\6.0.7\spring-aspects-6.0.7.jar;C:\Users\vijayananda.patil\.m2\repository\jakarta\persistence\jakarta.persistence-api\3.1.0\jakarta.persistence-api-3.1.0.jar;C:\Users\vijayananda.patil\.m2\repository\org\springframework\kafka\spring-kafka\3.0.5\spring-kafka-3.0.5.jar;C:\Users\vijayananda.patil\.m2\repository\org\springframework\spring-context\6.0.7\spring-context-6.0.7.jar;C:\Users\vijayananda.patil\.m2\repository\org\springframework\spring-messaging\6.0.7\spring-messaging-6.0.7.jar;C:\Users\vijayananda.patil\.m2\repository\org\springframework\spring-tx\6.0.7\spring-tx-6.0.7.jar;C:\Users\vijayananda.patil\.m2\repository\org\apache\kafka\kafka-clients\3.3.2\kafka-clients-3.3.2.jar;C:\Users\vijayananda.patil\.m2\repository\com\github\luben\zstd-jni\1.5.2-1\zstd-jni-1.5.2-1.jar;C:\Users\vijayananda.patil\.m2\repository\org\lz4\lz4-java\1.8.0\lz4-java-1.8.0.jar;C:\Users\vijayananda.patil\.m2\repository\org\xerial\snappy\snappy-java\1.1.8.4\snappy-java-1.1.8.4.jar;C:\Users\vijayananda.patil\.m2\repository\io\micrometer\micrometer-observation\1.10.5\micrometer-observation-1.10.5.jar;C:\Users\vijayananda.patil\.m2\repository\com\google\code\findbugs\jsr305\3.0.2\jsr305-3.0.2.jar;C:\Users\vijayananda.patil\.m2\repository\org\postgresql\postgresql\42.5.4\postgresql-42.5.4.jar;C:\Users\vijayananda.patil\.m2\repository\org\checkerframework\checker-qual\3.5.0\checker-qual-3.5.0.jar;C:\Users\vijayananda.patil\.m2\repository\org\springframework\boot\spring-boot-starter-test\3.0.5\spring-boot-starter-test-3.0.5.jar;C:\Users\vijayananda.patil\.m2\repository\org\springframework\boot\spring-boot-test\3.0.5\spring-boot-test-3.0.5.jar;C:\Users\vijayananda.patil\.m2\repository\org\springframework\boot\spring-boot-test-autoconfigure\3.0.5\spring-boot-test-autoconfigure-3.0.5.jar;C:\Users\vijayananda.patil\.m2\repository\com\jayway\jsonpath\json-path\2.7.0\json-path-2.7.0.jar;C:\Users\vijayananda.patil\.m2\repository\net\minidev\json-smart\2.4.10\json-smart-2.4.10.jar;C:\Users\vijayananda.patil\.m2\repository\net\minidev\accessors-smart\2.4.9\accessors-smart-2.4.9.jar;C:\Users\vijayananda.patil\.m2\repository\org\ow2\asm\asm\9.3\asm-9.3.jar;C:\Users\vijayananda.patil\.m2\repository\jakarta\xml\bind\jakarta.xml.bind-api\4.0.0\jakarta.xml.bind-api-4.0.0.jar;C:\Users\vijayananda.patil\.m2\repository\jakarta\activation\jakarta.activation-api\2.1.1\jakarta.activation-api-2.1.1.jar;C:\Users\vijayananda.patil\.m2\repository\org\assertj\assertj-core\3.23.1\assertj-core-3.23.1.jar;C:\Users\vijayananda.patil\.m2\repository\org\hamcrest\hamcrest\2.2\hamcrest-2.2.jar;C:\Users\vijayananda.patil\.m2\repository\org\junit\jupiter\junit-jupiter\5.9.2\junit-jupiter-5.9.2.jar;C:\Users\vijayananda.patil\.m2\repository\org\junit\jupiter\junit-jupiter-params\5.9.2\junit-jupiter-params-5.9.2.jar;C:\Users\vijayananda.patil\.m2\repository\org\junit\jupiter\junit-jupiter-engine\5.9.2\junit-jupiter-engine-5.9.2.jar;C:\Users\vijayananda.patil\.m2\repository\org\mockito\mockito-core\4.8.1\mockito-core-4.8.1.jar;C:\Users\vijayananda.patil\.m2\repository\net\bytebuddy\byte-buddy-agent\1.12.23\byte-buddy-agent-1.12.23.jar;C:\Users\vijayananda.patil\.m2\repository\org\objenesis\objenesis\3.2\objenesis-3.2.jar;C:\Users\vijayananda.patil\.m2\repository\org\mockito\mockito-junit-jupiter\4.8.1\mockito-junit-jupiter-4.8.1.jar;C:\Users\vijayananda.patil\.m2\repository\org\skyscreamer\jsonassert\1.5.1\jsonassert-1.5.1.jar;C:\Users\vijayananda.patil\.m2\repository\com\vaadin\external\google\android-json\0.0.20131108.vaadin1\android-json-0.0.20131108.vaadin1.jar;C:\Users\vijayananda.patil\.m2\repository\org\springframework\spring-core\6.0.7\spring-core-6.0.7.jar;C:\Users\vijayananda.patil\.m2\repository\org\springframework\spring-jcl\6.0.7\spring-jcl-6.0.7.jar;C:\Users\vijayananda.patil\.m2\repository\org\springframework\spring-test\6.0.7\spring-test-6.0.7.jar;C:\Users\vijayananda.patil\.m2\repository\org\xmlunit\xmlunit-core\2.9.1\xmlunit-core-2.9.1.jar;C:\Users\vijayananda.patil\.m2\repository\org\springframework\kafka\spring-kafka-test\3.0.5\spring-kafka-test-3.0.5.jar;C:\Users\vijayananda.patil\.m2\repository\org\apache\zookeeper\zookeeper\3.6.3\zookeeper-3.6.3.jar;C:\Users\vijayananda.patil\.m2\repository\org\apache\zookeeper\zookeeper-jute\3.6.3\zookeeper-jute-3.6.3.jar;C:\Users\vijayananda.patil\.m2\repository\org\apache\yetus\audience-annotations\0.5.0\audience-annotations-0.5.0.jar;C:\Users\vijayananda.patil\.m2\repository\io\netty\netty-handler\4.1.90.Final\netty-handler-4.1.90.Final.jar;C:\Users\vijayananda.patil\.m2\repository\io\netty\netty-common\4.1.90.Final\netty-common-4.1.90.Final.jar;C:\Users\vijayananda.patil\.m2\repository\io\netty\netty-resolver\4.1.90.Final\netty-resolver-4.1.90.Final.jar;C:\Users\vijayananda.patil\.m2\repository\io\netty\netty-buffer\4.1.90.Final\netty-buffer-4.1.90.Final.jar;C:\Users\vijayananda.patil\.m2\repository\io\netty\netty-transport\4.1.90.Final\netty-transport-4.1.90.Final.jar;C:\Users\vijayananda.patil\.m2\repository\io\netty\netty-transport-native-unix-common\4.1.90.Final\netty-transport-native-unix-common-4.1.90.Final.jar;C:\Users\vijayananda.patil\.m2\repository\io\netty\netty-codec\4.1.90.Final\netty-codec-4.1.90.Final.jar;C:\Users\vijayananda.patil\.m2\repository\io\netty\netty-transport-native-epoll\4.1.90.Final\netty-transport-native-epoll-4.1.90.Final.jar;C:\Users\vijayananda.patil\.m2\repository\io\netty\netty-transport-classes-epoll\4.1.90.Final\netty-transport-classes-epoll-4.1.90.Final.jar;C:\Users\vijayananda.patil\.m2\repository\org\apache\kafka\kafka-clients\3.3.2\kafka-clients-3.3.2-test.jar;C:\Users\vijayananda.patil\.m2\repository\org\apache\kafka\kafka-metadata\3.3.2\kafka-metadata-3.3.2.jar;C:\Users\vijayananda.patil\.m2\repository\org\apache\kafka\kafka-server-common\3.3.2\kafka-server-common-3.3.2.jar;C:\Users\vijayananda.patil\.m2\repository\org\apache\kafka\kafka-raft\3.3.2\kafka-raft-3.3.2.jar;C:\Users\vijayananda.patil\.m2\repository\com\yammer\metrics\metrics-core\2.2.0\metrics-core-2.2.0.jar;C:\Users\vijayananda.patil\.m2\repository\org\apache\kafka\kafka-streams-test-utils\3.3.2\kafka-streams-test-utils-3.3.2.jar;C:\Users\vijayananda.patil\.m2\repository\org\apache\kafka\kafka-streams\3.3.2\kafka-streams-3.3.2.jar;C:\Users\vijayananda.patil\.m2\repository\org\rocksdb\rocksdbjni\7.1.2\rocksdbjni-7.1.2.jar;C:\Users\vijayananda.patil\.m2\repository\org\apache\kafka\kafka_2.13\3.3.2\kafka_2.13-3.3.2.jar;C:\Users\vijayananda.patil\.m2\repository\org\scala-lang\scala-library\2.13.8\scala-library-2.13.8.jar;C:\Users\vijayananda.patil\.m2\repository\org\apache\kafka\kafka-storage\3.3.2\kafka-storage-3.3.2.jar;C:\Users\vijayananda.patil\.m2\repository\org\apache\kafka\kafka-storage-api\3.3.2\kafka-storage-api-3.3.2.jar;C:\Users\vijayananda.patil\.m2\repository\net\sourceforge\argparse4j\argparse4j\0.7.0\argparse4j-0.7.0.jar;C:\Users\vijayananda.patil\.m2\repository\com\fasterxml\jackson\module\jackson-module-scala_2.13\2.14.2\jackson-module-scala_2.13-2.14.2.jar;C:\Users\vijayananda.patil\.m2\repository\com\thoughtworks\paranamer\paranamer\2.8\paranamer-2.8.jar;C:\Users\vijayananda.patil\.m2\repository\com\fasterxml\jackson\dataformat\jackson-dataformat-csv\2.14.2\jackson-dataformat-csv-2.14.2.jar;C:\Users\vijayananda.patil\.m2\repository\net\sf\jopt-simple\jopt-simple\5.0.4\jopt-simple-5.0.4.jar;C:\Users\vijayananda.patil\.m2\repository\org\bitbucket\b_c\jose4j\0.7.9\jose4j-0.7.9.jar;C:\Users\vijayananda.patil\.m2\repository\org\scala-lang\modules\scala-collection-compat_2.13\2.6.0\scala-collection-compat_2.13-2.6.0.jar;C:\Users\vijayananda.patil\.m2\repository\org\scala-lang\modules\scala-java8-compat_2.13\1.0.2\scala-java8-compat_2.13-1.0.2.jar;C:\Users\vijayananda.patil\.m2\repository\org\scala-lang\scala-reflect\2.13.8\scala-reflect-2.13.8.jar;C:\Users\vijayananda.patil\.m2\repository\com\typesafe\scala-logging\scala-logging_2.13\3.9.4\scala-logging_2.13-3.9.4.jar;C:\Users\vijayananda.patil\.m2\repository\io\dropwizard\metrics\metrics-core\4.2.18\metrics-core-4.2.18.jar;C:\Users\vijayananda.patil\.m2\repository\commons-cli\commons-cli\1.4\commons-cli-1.4.jar;C:\Users\vijayananda.patil\.m2\repository\org\apache\kafka\kafka_2.13\3.3.2\kafka_2.13-3.3.2-test.jar;C:\Users\vijayananda.patil\.m2\repository\org\junit\jupiter\junit-jupiter-api\5.9.2\junit-jupiter-api-5.9.2.jar;C:\Users\vijayananda.patil\.m2\repository\org\opentest4j\opentest4j\1.2.0\opentest4j-1.2.0.jar;C:\Users\vijayananda.patil\.m2\repository\org\junit\platform\junit-platform-commons\1.9.2\junit-platform-commons-1.9.2.jar;C:\Users\vijayananda.patil\.m2\repository\org\apiguardian\apiguardian-api\1.1.2\apiguardian-api-1.1.2.jar;C:\Users\vijayananda.patil\.m2\repository\org\junit\platform\junit-platform-launcher\1.9.2\junit-platform-launcher-1.9.2.jar;C:\Users\vijayananda.patil\.m2\repository\org\junit\platform\junit-platform-engine\1.9.2\junit-platform-engine-1.9.2.jar;C:\Users\vijayananda.patil\.m2\repository\com\h2database\h2\2.1.214\h2-2.1.214.jar;C:\Users\vijayananda.patil\.m2\repository\io\micrometer\micrometer-core\1.10.5\micrometer-core-1.10.5.jar;C:\Users\vijayananda.patil\.m2\repository\io\micrometer\micrometer-commons\1.10.5\micrometer-commons-1.10.5.jar;C:\Users\vijayananda.patil\.m2\repository\org\hdrhistogram\HdrHistogram\2.1.12\HdrHistogram-2.1.12.jar;C:\Users\vijayananda.patil\.m2\repository\org\latencyutils\LatencyUtils\2.0.3\LatencyUtils-2.0.3.jar;C:\Users\vijayananda.patil\.m2\repository\com\github\vladimir-bukhtoyarov\bucket4j-core\7.6.0\bucket4j-core-7.6.0.jar;C:\Users\vijayananda.patil\.m2\repository\io\github\resilience4j\resilience4j-circuitbreaker\2.0.2\resilience4j-circuitbreaker-2.0.2.jar;C:\Users\vijayananda.patil\.m2\repository\io\github\resilience4j\resilience4j-core\2.0.2\resilience4j-core-2.0.2.jar;C:\Users\vijayananda.patil\.m2\repository\org\slf4j\slf4j-api\2.0.7\slf4j-api-2.0.7.jar;C:\Users\vijayananda.patil\.m2\repository\org\springframework\boot\spring-boot-starter-security\3.0.5\spring-boot-starter-security-3.0.5.jar;C:\Users\vijayananda.patil\.m2\repository\org\springframework\spring-aop\6.0.7\spring-aop-6.0.7.jar;C:\Users\vijayananda.patil\.m2\repository\org\springframework\security\spring-security-config\6.0.2\spring-security-config-6.0.2.jar;C:\Users\vijayananda.patil\.m2\repository\org\springframework\security\spring-security-core\6.0.2\spring-security-core-6.0.2.jar;C:\Users\vijayananda.patil\.m2\repository\org\springframework\security\spring-security-crypto\6.0.2\spring-security-crypto-6.0.2.jar;C:\Users\vijayananda.patil\.m2\repository\org\springframework\security\spring-security-web\6.0.2\spring-security-web-6.0.2.jar;C:\Users\vijayananda.patil\.m2\repository\org\springframework\boot\spring-boot-starter-actuator\3.0.5\spring-boot-starter-actuator-3.0.5.jar;C:\Users\vijayananda.patil\.m2\repository\org\springframework\boot\spring-boot-actuator-autoconfigure\3.0.5\spring-boot-actuator-autoconfigure-3.0.5.jar;C:\Users\vijayananda.patil\.m2\repository\org\springframework\boot\spring-boot-actuator\3.0.5\spring-boot-actuator-3.0.5.jar;C:\Users\vijayananda.patil\.m2\repository\com\github\ben-manes\caffeine\caffeine\3.1.5\caffeine-3.1.5.jar;C:\Users\vijayananda.patil\.m2\repository\com\google\errorprone\error_prone_annotations\2.18.0\error_prone_annotations-2.18.0.jar;C:\Users\vijayananda.patil\.m2\repository\org\springframework\retry\spring-retry\2.0.1\spring-retry-2.0.1.jar;
2025-05-21T14:47:39.278+05:30  INFO 20732 --- [           main] org.apache.zookeeper.ZooKeeper           : Client environment:java.library.path=C:\temp\jdk-17.0.12\bin;C:\Windows\Sun\Java\bin;C:\Windows\system32;C:\Windows;C:\temp\jdk-17.0.12\bin;C:\temp\Apache\maven\apache-maven-3.9.6\bin;C:\Program Files (x86)\Common Files\Oracle\Java\java8path;C:\Program Files (x86)\Common Files\Oracle\Java\javapath;C:\Windows\system32;C:\Windows;C:\Windows\System32\Wbem;C:\Windows\System32\WindowsPowerShell\v1.0\;C:\Windows\System32\OpenSSH\;C:\Program Files\Java\jre1.8.0_231;C:\Program Files\Java\jre1.8.0_231\bin;D:\fnm-windows;C:\Program Files (x86)\Bitvise SSH Client;C:\Program Files\nodejs\;C:\Program Files\dotnet\;C:\Users\stl.it\AppData\Local\Microsoft\WindowsApps;C:\Users\stl.it\.dotnet\tools;C:\Program Files\dotnet;C:\Program Files\Docker\Docker\resources\bin;C:\Users\vijayananda.patil\.cargo\bin;C:\Program Files\MySQL\MySQL Shell 8.0\bin\;C:\Program Files\Java\jdk1.8.0_231\bin;C:\Users\vijayananda.patil\AppData\Local\anaconda3;C:\Users\vijayananda.patil\AppData\Local\anaconda3\Library\mingw-w64\bin;C:\Users\vijayananda.patil\AppData\Local\anaconda3\Library\usr\bin;C:\Users\vijayananda.patil\AppData\Local\anaconda3\Library\bin;C:\Users\vijayananda.patil\AppData\Local\anaconda3\Scripts;C:\Users\vijayananda.patil\AppData\Local\Microsoft\WindowsApps;C:\Users\vijayananda.patil\AppData\Local\Programs\Microsoft VS Code\bin;C:\Users\vijayananda.patil\AppData\Local\GitHubDesktop\bin;C:\ProgramData\vijayananda.patil\GitHubDesktop\bin;C:\Users\vijayananda.patil\AppData\Local\Programs\Git\cmd;C:\Users\vijayananda.patil\AppData\Local\Tesseract-OCR;C:\Users\vijayananda.patil\AppData\Local\Programs\Ollama;C:\Users\vijayananda.patil\AppData\Roaming\npm;C:\Users\vijayananda.patil\.dotnet\tools;C:\Users\vijayananda.patil\AppData\Local\Programs\cursor\resources\app\bin;C:\src\flutter\bin;C:\Users\vijayananda.patil\AppData\Local\Box\Box Edit\;c:\Users\vijayananda.patil\AppData\Roaming\Cursor\User\globalStorage\github.copilot-chat\debugCommand;.
2025-05-21T14:47:39.279+05:30  INFO 20732 --- [           main] org.apache.zookeeper.ZooKeeper           : Client environment:java.io.tmpdir=C:\Users\VIJAYA~1.PAT\AppData\Local\Temp\
2025-05-21T14:47:39.279+05:30  INFO 20732 --- [           main] org.apache.zookeeper.ZooKeeper           : Client environment:java.compiler=<NA>
2025-05-21T14:47:39.279+05:30  INFO 20732 --- [           main] org.apache.zookeeper.ZooKeeper           : Client environment:os.name=Windows 10
2025-05-21T14:47:39.279+05:30  INFO 20732 --- [           main] org.apache.zookeeper.ZooKeeper           : Client environment:os.arch=amd64
2025-05-21T14:47:39.279+05:30  INFO 20732 --- [           main] org.apache.zookeeper.ZooKeeper           : Client environment:os.version=10.0
2025-05-21T14:47:39.279+05:30  INFO 20732 --- [           main] org.apache.zookeeper.ZooKeeper           : Client environment:user.name=vijayananda.patil
2025-05-21T14:47:39.279+05:30  INFO 20732 --- [           main] org.apache.zookeeper.ZooKeeper           : Client environment:user.home=C:\Users\vijayananda.patil
2025-05-21T14:47:39.279+05:30  INFO 20732 --- [           main] org.apache.zookeeper.ZooKeeper           : Client environment:user.dir=C:\Users\vijayananda.patil\Documents\GitHub\candidate-microservice\candidate-microservice
2025-05-21T14:47:39.279+05:30  INFO 20732 --- [           main] org.apache.zookeeper.ZooKeeper           : Client environment:os.memory.free=39MB
2025-05-21T14:47:39.279+05:30  INFO 20732 --- [           main] org.apache.zookeeper.ZooKeeper           : Client environment:os.memory.max=4022MB
2025-05-21T14:47:39.279+05:30  INFO 20732 --- [           main] org.apache.zookeeper.ZooKeeper           : Client environment:os.memory.total=60MB
2025-05-21T14:47:39.283+05:30  INFO 20732 --- [           main] org.apache.zookeeper.ZooKeeper           : Initiating client connection, connectString=127.0.0.1:51456 sessionTimeout=18000 watcher=kafka.zookeeper.ZooKeeperClient$ZooKeeperClientWatcher$@5b22d8a1
2025-05-21T14:47:39.289+05:30  INFO 20732 --- [           main] org.apache.zookeeper.ClientCnxnSocket    : jute.maxbuffer value is 4194304 Bytes
2025-05-21T14:47:39.298+05:30  INFO 20732 --- [           main] org.apache.zookeeper.ClientCnxn          : zookeeper.request.timeout value is 0. feature enabled=false
2025-05-21T14:47:39.299+05:30  INFO 20732 --- [           main] kafka.zookeeper.ZooKeeperClient          : [ZooKeeperClient Kafka server] Waiting until connected.
2025-05-21T14:47:39.303+05:30  INFO 20732 --- [27.0.0.1:51456)] org.apache.zookeeper.ClientCnxn          : Opening socket connection to server /127.0.0.1:51456.
2025-05-21T14:47:39.309+05:30  INFO 20732 --- [27.0.0.1:51456)] org.apache.zookeeper.ClientCnxn          : Socket connection established, initiating session, client: /127.0.0.1:51501, server: /127.0.0.1:51456
2025-05-21T14:47:39.317+05:30  INFO 20732 --- [   SyncThread:0] o.a.z.server.persistence.FileTxnLog      : Creating new log file: log.1
2025-05-21T14:47:39.322+05:30  INFO 20732 --- [   SyncThread:0] o.a.zookeeper.audit.ZKAuditProvider      : ZooKeeper audit is disabled.
2025-05-21T14:47:39.327+05:30  INFO 20732 --- [27.0.0.1:51456)] org.apache.zookeeper.ClientCnxn          : Session establishment complete on server /127.0.0.1:51456, session id = 0x100099db6920000, negotiated timeout = 16000
2025-05-21T14:47:39.331+05:30  INFO 20732 --- [           main] kafka.zookeeper.ZooKeeperClient          : [ZooKeeperClient Kafka server] Connected.
2025-05-21T14:47:39.485+05:30  INFO 20732 --- [           main] kafka.server.KafkaServer                 : Cluster ID = tTMDKz35Q3-QE6kIjESdWA
2025-05-21T14:47:39.488+05:30  WARN 20732 --- [           main] kafka.server.BrokerMetadataCheckpoint    : No meta.properties file under dir C:\Users\VIJAYA~1.PAT\AppData\Local\Temp\spring.kafka.f9a3b17d-f5ab-4993-bbea-734d360ad5a915379493876412169245\meta.properties
2025-05-21T14:47:39.544+05:30  INFO 20732 --- [           main] kafka.server.KafkaConfig                 : KafkaConfig values: 
	advertised.listeners = null
	alter.config.policy.class.name = null
	alter.log.dirs.replication.quota.window.num = 11
	alter.log.dirs.replication.quota.window.size.seconds = 1
	authorizer.class.name = 
	auto.create.topics.enable = true
	auto.leader.rebalance.enable = true
	background.threads = 10
	broker.heartbeat.interval.ms = 2000
	broker.id = 0
	broker.id.generation.enable = true
	broker.rack = null
	broker.session.timeout.ms = 9000
	client.quota.callback.class = null
	compression.type = producer
	connection.failed.authentication.delay.ms = 100
	connections.max.idle.ms = 600000
	connections.max.reauth.ms = 0
	control.plane.listener.name = null
	controlled.shutdown.enable = false
	controlled.shutdown.max.retries = 3
	controlled.shutdown.retry.backoff.ms = 100
	controller.listener.names = null
	controller.quorum.append.linger.ms = 25
	controller.quorum.election.backoff.max.ms = 1000
	controller.quorum.election.timeout.ms = 1000
	controller.quorum.fetch.timeout.ms = 2000
	controller.quorum.request.timeout.ms = 2000
	controller.quorum.retry.backoff.ms = 20
	controller.quorum.voters = []
	controller.quota.window.num = 11
	controller.quota.window.size.seconds = 1
	controller.socket.timeout.ms = 1000
	create.topic.policy.class.name = null
	default.replication.factor = 1
	delegation.token.expiry.check.interval.ms = 3600000
	delegation.token.expiry.time.ms = 86400000
	delegation.token.master.key = null
	delegation.token.max.lifetime.ms = 604800000
	delegation.token.secret.key = null
	delete.records.purgatory.purge.interval.requests = 1
	delete.topic.enable = true
	early.start.listeners = null
	fetch.max.bytes = 57671680
	fetch.purgatory.purge.interval.requests = 1000
	group.initial.rebalance.delay.ms = 0
	group.max.session.timeout.ms = 1800000
	group.max.size = 2147483647
	group.min.session.timeout.ms = 6000
	initial.broker.registration.timeout.ms = 60000
	inter.broker.listener.name = null
	inter.broker.protocol.version = 3.3-IV3
	kafka.metrics.polling.interval.secs = 10
	kafka.metrics.reporters = []
	leader.imbalance.check.interval.seconds = 300
	leader.imbalance.per.broker.percentage = 10
	listener.security.protocol.map = PLAINTEXT:PLAINTEXT,SSL:SSL,SASL_PLAINTEXT:SASL_PLAINTEXT,SASL_SSL:SASL_SSL
	listeners = PLAINTEXT://localhost:0
	log.cleaner.backoff.ms = 15000
	log.cleaner.dedupe.buffer.size = 2097152
	log.cleaner.delete.retention.ms = 86400000
	log.cleaner.enable = true
	log.cleaner.io.buffer.load.factor = 0.9
	log.cleaner.io.buffer.size = 524288
	log.cleaner.io.max.bytes.per.second = 1.7976931348623157E308
	log.cleaner.max.compaction.lag.ms = 9223372036854775807
	log.cleaner.min.cleanable.ratio = 0.5
	log.cleaner.min.compaction.lag.ms = 0
	log.cleaner.threads = 1
	log.cleanup.policy = [delete]
	log.dir = C:\Users\VIJAYA~1.PAT\AppData\Local\Temp\spring.kafka.f9a3b17d-f5ab-4993-bbea-734d360ad5a915379493876412169245
	log.dirs = null
	log.flush.interval.messages = 9223372036854775807
	log.flush.interval.ms = null
	log.flush.offset.checkpoint.interval.ms = 60000
	log.flush.scheduler.interval.ms = 9223372036854775807
	log.flush.start.offset.checkpoint.interval.ms = 60000
	log.index.interval.bytes = 4096
	log.index.size.max.bytes = 10485760
	log.message.downconversion.enable = true
	log.message.format.version = 3.0-IV1
	log.message.timestamp.difference.max.ms = 9223372036854775807
	log.message.timestamp.type = CreateTime
	log.preallocate = false
	log.retention.bytes = -1
	log.retention.check.interval.ms = 300000
	log.retention.hours = 168
	log.retention.minutes = null
	log.retention.ms = null
	log.roll.hours = 168
	log.roll.jitter.hours = 0
	log.roll.jitter.ms = null
	log.roll.ms = null
	log.segment.bytes = 1073741824
	log.segment.delete.delay.ms = 1000
	max.connection.creation.rate = 2147483647
	max.connections = 2147483647
	max.connections.per.ip = 2147483647
	max.connections.per.ip.overrides = 
	max.incremental.fetch.session.cache.slots = 1000
	message.max.bytes = 1048588
	metadata.log.dir = null
	metadata.log.max.record.bytes.between.snapshots = 20971520
	metadata.log.segment.bytes = 1073741824
	metadata.log.segment.min.bytes = 8388608
	metadata.log.segment.ms = 604800000
	metadata.max.idle.interval.ms = 500
	metadata.max.retention.bytes = -1
	metadata.max.retention.ms = 604800000
	metric.reporters = []
	metrics.num.samples = 2
	metrics.recording.level = INFO
	metrics.sample.window.ms = 30000
	min.insync.replicas = 1
	node.id = 0
	num.io.threads = 8
	num.network.threads = 3
	num.partitions = 1
	num.recovery.threads.per.data.dir = 1
	num.replica.alter.log.dirs.threads = null
	num.replica.fetchers = 1
	offset.metadata.max.bytes = 4096
	offsets.commit.required.acks = -1
	offsets.commit.timeout.ms = 5000
	offsets.load.buffer.size = 5242880
	offsets.retention.check.interval.ms = 600000
	offsets.retention.minutes = 10080
	offsets.topic.compression.codec = 0
	offsets.topic.num.partitions = 5
	offsets.topic.replication.factor = 1
	offsets.topic.segment.bytes = 104857600
	password.encoder.cipher.algorithm = AES/CBC/PKCS5Padding
	password.encoder.iterations = 4096
	password.encoder.key.length = 128
	password.encoder.keyfactory.algorithm = null
	password.encoder.old.secret = null
	password.encoder.secret = null
	principal.builder.class = class org.apache.kafka.common.security.authenticator.DefaultKafkaPrincipalBuilder
	process.roles = []
	producer.purgatory.purge.interval.requests = 1000
	queued.max.request.bytes = -1
	queued.max.requests = 500
	quota.window.num = 11
	quota.window.size.seconds = 1
	remote.log.index.file.cache.total.size.bytes = 1073741824
	remote.log.manager.task.interval.ms = 30000
	remote.log.manager.task.retry.backoff.max.ms = 30000
	remote.log.manager.task.retry.backoff.ms = 500
	remote.log.manager.task.retry.jitter = 0.2
	remote.log.manager.thread.pool.size = 10
	remote.log.metadata.manager.class.name = null
	remote.log.metadata.manager.class.path = null
	remote.log.metadata.manager.impl.prefix = null
	remote.log.metadata.manager.listener.name = null
	remote.log.reader.max.pending.tasks = 100
	remote.log.reader.threads = 10
	remote.log.storage.manager.class.name = null
	remote.log.storage.manager.class.path = null
	remote.log.storage.manager.impl.prefix = null
	remote.log.storage.system.enable = false
	replica.fetch.backoff.ms = 1000
	replica.fetch.max.bytes = 1048576
	replica.fetch.min.bytes = 1
	replica.fetch.response.max.bytes = 10485760
	replica.fetch.wait.max.ms = 500
	replica.high.watermark.checkpoint.interval.ms = 9223372036854775807
[...]
	at org.springframework.beans.factory.support.DefaultListableBeanFactory.doResolveDependency(DefaultListableBeanFactory.java:1358) ~[spring-beans-6.0.7.jar:6.0.7]
	at org.springframework.beans.factory.support.DefaultListableBeanFactory.resolveDependency(DefaultListableBeanFactory.java:1337) ~[spring-beans-6.0.7.jar:6.0.7]
	at org.springframework.beans.factory.annotation.AutowiredAnnotationBeanPostProcessor$AutowiredFieldElement.resolveFieldValue(AutowiredAnnotationBeanPostProcessor.java:710) ~[spring-beans-6.0.7.jar:6.0.7]
	at org.springframework.beans.factory.annotation.AutowiredAnnotationBeanPostProcessor$AutowiredFieldElement.inject(AutowiredAnnotationBeanPostProcessor.java:693) ~[spring-beans-6.0.7.jar:6.0.7]
	at org.springframework.beans.factory.annotation.InjectionMetadata.inject(InjectionMetadata.java:133) ~[spring-beans-6.0.7.jar:6.0.7]
	at org.springframework.beans.factory.annotation.AutowiredAnnotationBeanPostProcessor.postProcessProperties(AutowiredAnnotationBeanPostProcessor.java:482) ~[spring-beans-6.0.7.jar:6.0.7]
	... 94 common frames omitted

2025-05-21T14:47:46.261+05:30 ERROR 20732 --- [           main] o.s.test.context.TestContextManager      : Caught exception while allowing TestExecutionListener [org.springframework.test.context.web.ServletTestExecutionListener] to prepare test instance [tech.stl.hcm.candidate.config.KafkaConnectionTest@6cd31e5f]

java.lang.IllegalStateException: Failed to load ApplicationContext for [WebMergedContextConfiguration@7296675e testClass = tech.stl.hcm.candidate.config.KafkaConnectionTest, locations = [], classes = [tech.stl.hcm.candidate.CandidateMicroserviceApplication], contextInitializerClasses = [], activeProfiles = [], propertySourceLocations = [], propertySourceProperties = ["spring.kafka.bootstrap-servers=${spring.embedded.kafka.brokers}", "spring.kafka.producer.key-serializer=org.apache.kafka.common.serialization.StringSerializer", "spring.kafka.producer.value-serializer=org.springframework.kafka.support.serializer.JsonSerializer", "spring.kafka.consumer.key-deserializer=org.apache.kafka.common.serialization.StringDeserializer", "spring.kafka.consumer.value-deserializer=org.springframework.kafka.support.serializer.JsonDeserializer", "spring.kafka.consumer.auto-offset-reset=earliest", "org.springframework.boot.test.context.SpringBootTestContextBootstrapper=true"], contextCustomizers = [org.springframework.boot.test.context.filter.ExcludeFilterContextCustomizer@5a7fe64f, org.springframework.boot.test.json.DuplicateJsonObjectContextCustomizerFactory$DuplicateJsonObjectContextCustomizer@24c1b2d2, org.springframework.boot.test.mock.mockito.MockitoContextCustomizer@0, org.springframework.boot.test.web.client.TestRestTemplateContextCustomizer@565f390, org.springframework.boot.test.autoconfigure.actuate.observability.ObservabilityContextCustomizerFactory$DisableObservabilityContextCustomizer@9da1, org.springframework.boot.test.autoconfigure.properties.PropertyMappingContextCustomizer@0, org.springframework.boot.test.autoconfigure.web.servlet.WebDriverContextCustomizerFactory$Customizer@e3b3b2f, org.springframework.kafka.test.context.EmbeddedKafkaContextCustomizer@f553a223, org.springframework.boot.test.context.SpringBootTestAnnotation@9ec9eb65], resourceBasePath = "src/main/webapp", contextLoader = org.springframework.boot.test.context.SpringBootContextLoader, parent = null]
	at org.springframework.test.context.cache.DefaultCacheAwareContextLoaderDelegate.loadContext(DefaultCacheAwareContextLoaderDelegate.java:142) ~[spring-test-6.0.7.jar:6.0.7]
	at org.springframework.test.context.support.DefaultTestContext.getApplicationContext(DefaultTestContext.java:127) ~[spring-test-6.0.7.jar:6.0.7]
	at org.springframework.test.context.web.ServletTestExecutionListener.setUpRequestContextIfNecessary(ServletTestExecutionListener.java:191) ~[spring-test-6.0.7.jar:6.0.7]
	at org.springframework.test.context.web.ServletTestExecutionListener.prepareTestInstance(ServletTestExecutionListener.java:130) ~[spring-test-6.0.7.jar:6.0.7]
	at org.springframework.test.context.TestContextManager.prepareTestInstance(TestContextManager.java:241) ~[spring-test-6.0.7.jar:6.0.7]
	at org.springframework.test.context.junit.jupiter.SpringExtension.postProcessTestInstance(SpringExtension.java:138) ~[spring-test-6.0.7.jar:6.0.7]
	at org.junit.jupiter.engine.descriptor.ClassBasedTestDescriptor.lambda$invokeTestInstancePostProcessors$10(ClassBasedTestDescriptor.java:377) ~[junit-jupiter-engine-5.9.2.jar:5.9.2]
	at org.junit.jupiter.engine.descriptor.ClassBasedTestDescriptor.executeAndMaskThrowable(ClassBasedTestDescriptor.java:382) ~[junit-jupiter-engine-5.9.2.jar:5.9.2]
	at org.junit.jupiter.engine.descriptor.ClassBasedTestDescriptor.lambda$invokeTestInstancePostProcessors$11(ClassBasedTestDescriptor.java:377) ~[junit-jupiter-engine-5.9.2.jar:5.9.2]
	at java.base/java.util.stream.ReferencePipeline$3$1.accept(ReferencePipeline.java:197) ~[na:na]
	at java.base/java.util.stream.ReferencePipeline$2$1.accept(ReferencePipeline.java:179) ~[na:na]
	at java.base/java.util.ArrayList$ArrayListSpliterator.forEachRemaining(ArrayList.java:1625) ~[na:na]
	at java.base/java.util.stream.AbstractPipeline.copyInto(AbstractPipeline.java:509) ~[na:na]
	at java.base/java.util.stream.AbstractPipeline.wrapAndCopyInto(AbstractPipeline.java:499) ~[na:na]
	at java.base/java.util.stream.StreamSpliterators$WrappingSpliterator.forEachRemaining(StreamSpliterators.java:310) ~[na:na]
	at java.base/java.util.stream.Streams$ConcatSpliterator.forEachRemaining(Streams.java:735) ~[na:na]
	at java.base/java.util.stream.Streams$ConcatSpliterator.forEachRemaining(Streams.java:734) ~[na:na]
	at java.base/java.util.stream.ReferencePipeline$Head.forEach(ReferencePipeline.java:762) ~[na:na]
	at org.junit.jupiter.engine.descriptor.ClassBasedTestDescriptor.invokeTestInstancePostProcessors(ClassBasedTestDescriptor.java:376) ~[junit-jupiter-engine-5.9.2.jar:5.9.2]
	at org.junit.jupiter.engine.descriptor.ClassBasedTestDescriptor.lambda$instantiateAndPostProcessTestInstance$6(ClassBasedTestDescriptor.java:289) ~[junit-jupiter-engine-5.9.2.jar:5.9.2]
	at org.junit.platform.engine.support.hierarchical.ThrowableCollector.execute(ThrowableCollector.java:73) ~[junit-platform-engine-1.9.2.jar:1.9.2]
	at org.junit.jupiter.engine.descriptor.ClassBasedTestDescriptor.instantiateAndPostProcessTestInstance(ClassBasedTestDescriptor.java:288) ~[junit-jupiter-engine-5.9.2.jar:5.9.2]
	at org.junit.jupiter.engine.descriptor.ClassBasedTestDescriptor.lambda$testInstancesProvider$4(ClassBasedTestDescriptor.java:278) ~[junit-jupiter-engine-5.9.2.jar:5.9.2]
	at java.base/java.util.Optional.orElseGet(Optional.java:364) ~[na:na]
	at org.junit.jupiter.engine.descriptor.ClassBasedTestDescriptor.lambda$testInstancesProvider$5(ClassBasedTestDescriptor.java:277) ~[junit-jupiter-engine-5.9.2.jar:5.9.2]
	at org.junit.jupiter.engine.execution.TestInstancesProvider.getTestInstances(TestInstancesProvider.java:31) ~[junit-jupiter-engine-5.9.2.jar:5.9.2]
	at org.junit.jupiter.engine.descriptor.TestMethodTestDescriptor.lambda$prepare$0(TestMethodTestDescriptor.java:105) ~[junit-jupiter-engine-5.9.2.jar:5.9.2]
	at org.junit.platform.engine.support.hierarchical.ThrowableCollector.execute(ThrowableCollector.java:73) ~[junit-platform-engine-1.9.2.jar:1.9.2]
	at org.junit.jupiter.engine.descriptor.TestMethodTestDescriptor.prepare(TestMethodTestDescriptor.java:104) ~[junit-jupiter-engine-5.9.2.jar:5.9.2]
	at org.junit.jupiter.engine.descriptor.TestMethodTestDescriptor.prepare(TestMethodTestDescriptor.java:68) ~[junit-jupiter-engine-5.9.2.jar:5.9.2]
	at org.junit.platform.engine.support.hierarchical.NodeTestTask.lambda$prepare$2(NodeTestTask.java:123) ~[junit-platform-engine-1.9.2.jar:1.9.2]
	at org.junit.platform.engine.support.hierarchical.ThrowableCollector.execute(ThrowableCollector.java:73) ~[junit-platform-engine-1.9.2.jar:1.9.2]
	at org.junit.platform.engine.support.hierarchical.NodeTestTask.prepare(NodeTestTask.java:123) ~[junit-platform-engine-1.9.2.jar:1.9.2]
	at org.junit.platform.engine.support.hierarchical.NodeTestTask.execute(NodeTestTask.java:90) ~[junit-platform-engine-1.9.2.jar:1.9.2]
	at java.base/java.util.ArrayList.forEach(ArrayList.java:1511) ~[na:na]
	at org.junit.platform.engine.support.hierarchical.SameThreadHierarchicalTestExecutorService.invokeAll(SameThreadHierarchicalTestExecutorService.java:41) ~[junit-platform-engine-1.9.2.jar:1.9.2]
	at org.junit.platform.engine.support.hierarchical.NodeTestTask.lambda$executeRecursively$6(NodeTestTask.java:155) ~[junit-platform-engine-1.9.2.jar:1.9.2]
	at org.junit.platform.engine.support.hierarchical.ThrowableCollector.execute(ThrowableCollector.java:73) ~[junit-platform-engine-1.9.2.jar:1.9.2]
	at org.junit.platform.engine.support.hierarchical.NodeTestTask.lambda$executeRecursively$8(NodeTestTask.java:141) ~[junit-platform-engine-1.9.2.jar:1.9.2]
	at org.junit.platform.engine.support.hierarchical.Node.around(Node.java:137) ~[junit-platform-engine-1.9.2.jar:1.9.2]
	at org.junit.platform.engine.support.hierarchical.NodeTestTask.lambda$executeRecursively$9(NodeTestTask.java:139) ~[junit-platform-engine-1.9.2.jar:1.9.2]
	at org.junit.platform.engine.support.hierarchical.ThrowableCollector.execute(ThrowableCollector.java:73) ~[junit-platform-engine-1.9.2.jar:1.9.2]
	at org.junit.platform.engine.support.hierarchical.NodeTestTask.executeRecursively(NodeTestTask.java:138) ~[junit-platform-engine-1.9.2.jar:1.9.2]
	at org.junit.platform.engine.support.hierarchical.NodeTestTask.execute(NodeTestTask.java:95) ~[junit-platform-engine-1.9.2.jar:1.9.2]
	at java.base/java.util.ArrayList.forEach(ArrayList.java:1511) ~[na:na]
	at org.junit.platform.engine.support.hierarchical.SameThreadHierarchicalTestExecutorService.invokeAll(SameThreadHierarchicalTestExecutorService.java:41) ~[junit-platform-engine-1.9.2.jar:1.9.2]
	at org.junit.platform.engine.support.hierarchical.NodeTestTask.lambda$executeRecursively$6(NodeTestTask.java:155) ~[junit-platform-engine-1.9.2.jar:1.9.2]
	at org.junit.platform.engine.support.hierarchical.ThrowableCollector.execute(ThrowableCollector.java:73) ~[junit-platform-engine-1.9.2.jar:1.9.2]
	at org.junit.platform.engine.support.hierarchical.NodeTestTask.lambda$executeRecursively$8(NodeTestTask.java:141) ~[junit-platform-engine-1.9.2.jar:1.9.2]
	at org.junit.platform.engine.support.hierarchical.Node.around(Node.java:137) ~[junit-platform-engine-1.9.2.jar:1.9.2]
	at org.junit.platform.engine.support.hierarchical.NodeTestTask.lambda$executeRecursively$9(NodeTestTask.java:139) ~[junit-platform-engine-1.9.2.jar:1.9.2]
	at org.junit.platform.engine.support.hierarchical.ThrowableCollector.execute(ThrowableCollector.java:73) ~[junit-platform-engine-1.9.2.jar:1.9.2]
	at org.junit.platform.engine.support.hierarchical.NodeTestTask.executeRecursively(NodeTestTask.java:138) ~[junit-platform-engine-1.9.2.jar:1.9.2]
	at org.junit.platform.engine.support.hierarchical.NodeTestTask.execute(NodeTestTask.java:95) ~[junit-platform-engine-1.9.2.jar:1.9.2]
	at org.junit.platform.engine.support.hierarchical.SameThreadHierarchicalTestExecutorService.submit(SameThreadHierarchicalTestExecutorService.java:35) ~[junit-platform-engine-1.9.2.jar:1.9.2]
	at org.junit.platform.engine.support.hierarchical.HierarchicalTestExecutor.execute(HierarchicalTestExecutor.java:57) ~[junit-platform-engine-1.9.2.jar:1.9.2]
	at org.junit.platform.engine.support.hierarchical.HierarchicalTestEngine.execute(HierarchicalTestEngine.java:54) ~[junit-platform-engine-1.9.2.jar:1.9.2]
	at org.junit.platform.launcher.core.EngineExecutionOrchestrator.execute(EngineExecutionOrchestrator.java:147) ~[junit-platform-launcher-1.9.2.jar:1.9.2]
	at org.junit.platform.launcher.core.EngineExecutionOrchestrator.execute(EngineExecutionOrchestrator.java:127) ~[junit-platform-launcher-1.9.2.jar:1.9.2]
	at org.junit.platform.launcher.core.EngineExecutionOrchestrator.execute(EngineExecutionOrchestrator.java:90) ~[junit-platform-launcher-1.9.2.jar:1.9.2]
	at org.junit.platform.launcher.core.EngineExecutionOrchestrator.lambda$execute$0(EngineExecutionOrchestrator.java:55) ~[junit-platform-launcher-1.9.2.jar:1.9.2]
	at org.junit.platform.launcher.core.EngineExecutionOrchestrator.withInterceptedStreams(EngineExecutionOrchestrator.java:102) ~[junit-platform-launcher-1.9.2.jar:1.9.2]
	at org.junit.platform.launcher.core.EngineExecutionOrchestrator.execute(EngineExecutionOrchestrator.java:54) ~[junit-platform-launcher-1.9.2.jar:1.9.2]
	at org.junit.platform.launcher.core.DefaultLauncher.execute(DefaultLauncher.java:114) ~[junit-platform-launcher-1.9.2.jar:1.9.2]
	at org.junit.platform.launcher.core.DefaultLauncher.execute(DefaultLauncher.java:86) ~[junit-platform-launcher-1.9.2.jar:1.9.2]
	at org.junit.platform.launcher.core.DefaultLauncherSession$DelegatingLauncher.execute(DefaultLauncherSession.java:86) ~[junit-platform-launcher-1.9.2.jar:1.9.2]
	at org.junit.platform.launcher.core.SessionPerRequestLauncher.execute(SessionPerRequestLauncher.java:53) ~[junit-platform-launcher-1.9.2.jar:1.9.2]
	at org.apache.maven.surefire.junitplatform.JUnitPlatformProvider.invokeAllTests(JUnitPlatformProvider.java:150) ~[surefire-junit-platform-2.22.2.jar:2.22.2]
	at org.apache.maven.surefire.junitplatform.JUnitPlatformProvider.invoke(JUnitPlatformProvider.java:124) ~[surefire-junit-platform-2.22.2.jar:2.22.2]
	at org.apache.maven.surefire.booter.ForkedBooter.invokeProviderInSameClassLoader(ForkedBooter.java:384) ~[surefire-booter-2.22.2.jar:2.22.2]
	at org.apache.maven.surefire.booter.ForkedBooter.runSuitesInProcess(ForkedBooter.java:345) ~[surefire-booter-2.22.2.jar:2.22.2]
	at org.apache.maven.surefire.booter.ForkedBooter.execute(ForkedBooter.java:126) ~[surefire-booter-2.22.2.jar:2.22.2]
	at org.apache.maven.surefire.booter.ForkedBooter.main(ForkedBooter.java:418) ~[surefire-booter-2.22.2.jar:2.22.2]
Caused by: org.springframework.beans.factory.BeanCreationException: Error creating bean with name 'kafkaConfig': Injection of autowired dependencies failed
	at org.springframework.beans.factory.annotation.AutowiredAnnotationBeanPostProcessor.postProcessProperties(AutowiredAnnotationBeanPostProcessor.java:488) ~[spring-beans-6.0.7.jar:6.0.7]
	at org.springframework.beans.factory.support.AbstractAutowireCapableBeanFactory.populateBean(AbstractAutowireCapableBeanFactory.java:1416) ~[spring-beans-6.0.7.jar:6.0.7]
	at org.springframework.beans.factory.support.AbstractAutowireCapableBeanFactory.doCreateBean(AbstractAutowireCapableBeanFactory.java:597) ~[spring-beans-6.0.7.jar:6.0.7]
	at org.springframework.beans.factory.support.AbstractAutowireCapableBeanFactory.createBean(AbstractAutowireCapableBeanFactory.java:520) ~[spring-beans-6.0.7.jar:6.0.7]
	at org.springframework.beans.factory.support.AbstractBeanFactory.lambda$doGetBean$0(AbstractBeanFactory.java:326) ~[spring-beans-6.0.7.jar:6.0.7]
	at org.springframework.beans.factory.support.DefaultSingletonBeanRegistry.getSingleton(DefaultSingletonBeanRegistry.java:234) ~[spring-beans-6.0.7.jar:6.0.7]
	at org.springframework.beans.factory.support.AbstractBeanFactory.doGetBean(AbstractBeanFactory.java:324) ~[spring-beans-6.0.7.jar:6.0.7]
	at org.springframework.beans.factory.support.AbstractBeanFactory.getBean(AbstractBeanFactory.java:200) ~[spring-beans-6.0.7.jar:6.0.7]
	at org.springframework.beans.factory.support.DefaultListableBeanFactory.preInstantiateSingletons(DefaultListableBeanFactory.java:973) ~[spring-beans-6.0.7.jar:6.0.7]
	at org.springframework.context.support.AbstractApplicationContext.finishBeanFactoryInitialization(AbstractApplicationContext.java:917) ~[spring-context-6.0.7.jar:6.0.7]
	at org.springframework.context.support.AbstractApplicationContext.refresh(AbstractApplicationContext.java:584) ~[spring-context-6.0.7.jar:6.0.7]
	at org.springframework.boot.SpringApplication.refresh(SpringApplication.java:732) ~[spring-boot-3.0.5.jar:3.0.5]
	at org.springframework.boot.SpringApplication.refreshContext(SpringApplication.java:434) ~[spring-boot-3.0.5.jar:3.0.5]
	at org.springframework.boot.SpringApplication.run(SpringApplication.java:310) ~[spring-boot-3.0.5.jar:3.0.5]
	at org.springframework.boot.test.context.SpringBootContextLoader.lambda$loadContext$3(SpringBootContextLoader.java:137) ~[spring-boot-test-3.0.5.jar:3.0.5]
	at org.springframework.util.function.ThrowingSupplier.get(ThrowingSupplier.java:58) ~[spring-core-6.0.7.jar:6.0.7]
	at org.springframework.util.function.ThrowingSupplier.get(ThrowingSupplier.java:46) ~[spring-core-6.0.7.jar:6.0.7]
	at org.springframework.boot.SpringApplication.withHook(SpringApplication.java:1388) ~[spring-boot-3.0.5.jar:3.0.5]
	at org.springframework.boot.test.context.SpringBootContextLoader$ContextLoaderHook.run(SpringBootContextLoader.java:545) ~[spring-boot-test-3.0.5.jar:3.0.5]
	at org.springframework.boot.test.context.SpringBootContextLoader.loadContext(SpringBootContextLoader.java:137) ~[spring-boot-test-3.0.5.jar:3.0.5]
	at org.springframework.boot.test.context.SpringBootContextLoader.loadContext(SpringBootContextLoader.java:108) ~[spring-boot-test-3.0.5.jar:3.0.5]
	at org.springframework.test.context.cache.DefaultCacheAwareContextLoaderDelegate.loadContextInternal(DefaultCacheAwareContextLoaderDelegate.java:184) ~[spring-test-6.0.7.jar:6.0.7]
	at org.springframework.test.context.cache.DefaultCacheAwareContextLoaderDelegate.loadContext(DefaultCacheAwareContextLoaderDelegate.java:118) ~[spring-test-6.0.7.jar:6.0.7]
	... 72 common frames omitted
Caused by: java.lang.IllegalArgumentException: Could not resolve placeholder 'kafka.topic.candidate-created' in value "${kafka.topic.candidate-created}"
	at org.springframework.util.PropertyPlaceholderHelper.parseStringValue(PropertyPlaceholderHelper.java:180) ~[spring-core-6.0.7.jar:6.0.7]
	at org.springframework.util.PropertyPlaceholderHelper.replacePlaceholders(PropertyPlaceholderHelper.java:126) ~[spring-core-6.0.7.jar:6.0.7]
	at org.springframework.core.env.AbstractPropertyResolver.doResolvePlaceholders(AbstractPropertyResolver.java:239) ~[spring-core-6.0.7.jar:6.0.7]
	at org.springframework.core.env.AbstractPropertyResolver.resolveRequiredPlaceholders(AbstractPropertyResolver.java:210) ~[spring-core-6.0.7.jar:6.0.7]
	at org.springframework.context.support.PropertySourcesPlaceholderConfigurer.lambda$processProperties$0(PropertySourcesPlaceholderConfigurer.java:191) ~[spring-context-6.0.7.jar:6.0.7]
	at org.springframework.beans.factory.support.AbstractBeanFactory.resolveEmbeddedValue(AbstractBeanFactory.java:920) ~[spring-beans-6.0.7.jar:6.0.7]
	at org.springframework.beans.factory.support.DefaultListableBeanFactory.doResolveDependency(DefaultListableBeanFactory.java:1358) ~[spring-beans-6.0.7.jar:6.0.7]
	at org.springframework.beans.factory.support.DefaultListableBeanFactory.resolveDependency(DefaultListableBeanFactory.java:1337) ~[spring-beans-6.0.7.jar:6.0.7]
	at org.springframework.beans.factory.annotation.AutowiredAnnotationBeanPostProcessor$AutowiredFieldElement.resolveFieldValue(AutowiredAnnotationBeanPostProcessor.java:710) ~[spring-beans-6.0.7.jar:6.0.7]
	at org.springframework.beans.factory.annotation.AutowiredAnnotationBeanPostProcessor$AutowiredFieldElement.inject(AutowiredAnnotationBeanPostProcessor.java:693) ~[spring-beans-6.0.7.jar:6.0.7]
	at org.springframework.beans.factory.annotation.InjectionMetadata.inject(InjectionMetadata.java:133) ~[spring-beans-6.0.7.jar:6.0.7]
	at org.springframework.beans.factory.annotation.AutowiredAnnotationBeanPostProcessor.postProcessProperties(AutowiredAnnotationBeanPostProcessor.java:482) ~[spring-beans-6.0.7.jar:6.0.7]
	... 94 common frames omitted

]]></system-out>
    <system-err><![CDATA[


============================
CONDITIONS EVALUATION REPORT
============================


Positive matches:
-----------------

    None


Negative matches:
-----------------

    None


Exclusions:
-----------

    None


Unconditional classes:
----------------------

    None



]]></system-err>
  </testcase>
</testsuite>